Case #1: CAB
Case #2: MJA
Case #3: OCDE
Case #4: BBAAA
Case #5: CCCABBBAB
Case #6: CCCBAABAB
Case #7: ZXCASDQWE
Case #8: DDDDDDCCCBACC
Case #9: CCCCCABAAABAABA
Case #10: CBA
Case #11: RRBAACADABA
Case #12: AA
Case #13: CCCCBBABBAABAAB
Case #14: CCCCCBAABABAB
Case #15: CCCCCBBBBBAAAAA
Case #16: ZAYBXCWDUE
Case #17: OMNKLJEHGFIDCBA
Case #18: CCCBBBBAAABAABA
Case #19: ZABYCXDWEU
Case #20: BBA
Case #21: BBA
Case #22: CBAAAAAAAAAAA
Case #23: CCCCCCAABBBBBBA
Case #24: CCCCCCBAAABBABB
Case #25: ZAAAA
Case #26: DDCBBBAAAAAAA
Case #27: BBBBBAAAAAAAA
Case #28: CBBBBBBBBAAABAB
Case #29: OLKEDCBAGHIJFNM
Case #30: OECNIFBHALMJGDK
Case #31: BA
Case #32: MMDEFGIJALKHCBA
Case #33: CCCCCBBBBBAAAAA
Case #34: ZEDCBAYXWU
Case #35: DCCCCBBBBBABAAB
Case #36: ZACBA
Case #37: CBA
Case #38: ZYXTBGSPVTKHJJN
Case #39: MMLJIDCBAEFGHKA
Case #40: BAAA
Case #41: CCCCCBABBBBAAAA
Case #42: MMLJIFEABCDGHKA
Case #43: YYSDNRPDWWGSXDS
Case #44: ZZZVSGDWJYTJDXL
Case #45: CCCCBBABBBABABA
Case #46: CCCCCBBBABABAAA
Case #47: CCCCCBBBBBAAAAA
Case #48: CBA
Case #49: CCCCCBBBBBAAAAA
Case #50: CCCCCCAAABBABBB
Case #51: CCCCCCCBABBAABA
Case #52: MMCFGHIKLAJEDBA
Case #53: AAA
Case #54: Z
Case #55: MMKIBACDEFGHJLA
Case #56: BAA
Case #57: CBBBBBAAAAAAAA
Case #58: CCCCCBBBBBAAAAA
Case #59: BB
Case #60: A
Case #61: BAAA
Case #62: ZDABC
Case #63: YXXTSNRDSMRHBSN
Case #64: CCCCCBAAABABAAA
Case #65: BBB
Case #66: CCCCCCCBAAABABA
Case #67: CCCCCBBBBBAAAAA
Case #68: ONBHAFIKMEGDCLJ
Case #69: BBA
Case #70: BAAA
Case #71: OBMLKJHEGFIDCNA
Case #72: BAA
Case #73: ONMDLKJIHCEGABF
Case #74: ZDCBA
Case #75: OMCBAEFHIJKLDNG
Case #76: CCCCCBBBBBAAAAA
Case #77: CCCCCCCAAABABAB
Case #78: DCBBBBBBABBBAA
Case #79: OJIFCBEAGHDMKNL
Case #80: DCBBBAAAAAAAAB
Case #81: CCBBBAAAABBBBAB
Case #82: ZABCD
Case #83: CCBBBAAAAABBB
Case #84: ZADBC
Case #85: ONJACKLHGIEFMDB
Case #86: CCCCCCCCCABBBBA
Case #87: MMBEGHKLAJIFDCA
Case #88: ZYWTRGLQHSJLLFM
Case #89: CCCCCBBBBBAAAAA
Case #90: CCCCCAAAAAABAAB
Case #91: CBA
Case #92: BA
Case #93: CCCCCCCBBBBBBBB
Case #94: CAB
Case #95: CCCCCBBBBBAAAAA
Case #96: BAAA
Case #97: OKGABEDFIJCMLNH
Case #98: CCCCCCCBABBABBB
Case #99: BAA
Case #100: CCCBAAAAAAAAB
