Case #1: 
0
0
0
0
1
Case #2: 
0
0
0
Case #3: 
0
0
0
Case #4: 
0
0
Case #5: 
0
0
0
2
0
0
1
0
0
0
0
1
Case #6: 
1
4
3
2
3
0
0
0
0
2
0
0
0
0
1
Case #7: 
0
2
0
0
2
2
5
0
2
1
0
2
0
2
0
Case #8: 
0
0
1
2
1
0
0
0
0
Case #9: 
0
0
0
Case #10: 
0
0
0
0
0
0
0
0
0
0
0
Case #11: 
0
2
0
4
1
2
1
3
1
0
0
0
0
0
0
Case #12: 
0
0
0
0
0
0
0
0
0
0
0
0
Case #13: 
0
0
0
0
0
0
0
0
0
0
0
0
0
0
Case #14: 
0
Case #15: 
0
0
0
Case #16: 
1
0
0
2
3
2
0
1
0
3
3
0
0
0
0
Case #17: 
0
0
0
0
0
0
Case #18: 
1
0
1
1
0
1
0
0
5
1
0
0
2
2
3
Case #19: 
1
3
2
1
0
1
1
4
0
0
0
1
1
0
4
Case #20: 
0
0
0
1
0
0
0
0
0
Case #21: 
0
0
0
0
0
1
0
0
Case #22: 
3
3
1
1
0
1
0
0
0
0
4
1
2
