Case #1: 
GGG
CCC
JJJ
Case #2: 
CODE
CODE
CJAM
Case #3: 
CA
KE
Case #4: 
QQQQQQQQQQQQQQQQQQQQQQQQQ
QQQQQQQQQQQQQQQQQQQQQQQQQ
QQQQQQQQQQQQQQQQQQQQQQQQQ
QQQQQQQQQQQQQQQQQQQQQQQQQ
QQQQQQQQQQQQQQQQQQQQQQQQQ
QQQQQQQQQQQQQQQQQQQQQQQQQ
QQQQQQQQQQQQQQQQQQQQQQQQQ
QQQQQQQQQQQQQQQQQQQQQQQQQ
QQQQQQQQQQQQQQQQQQQQQQQQQ
QQQQQQQQQQQQQQQQQQQQQQQQQ
QQQQQQQQQQQQQQQQQQQQQQQQQ
QQQQQQQQQQQQQQQQQQQQQQQQQ
QQQQQQQQQQQQQQQQQQQQQQQQQ
QQQQQQQQQQQQQQQQQQQQQQQQQ
QQQQQQQQQQQQQQQQQQQQQQQQQ
QQQQQQQQQQQQQQQQQQQQQQQQQ
YRUDDDDDDDDDDDDDDDDDDDDDD
YRIIGGGGGGGGGGGGGGGGGGGGG
YNNAMLLLLLLLLLLLLLLLLLLLL
OHHBXEEEEEEEEEEEEEEEEEEEE
ZZVBCCCPPPPPPPPPPPPPPPPPP
ZZVBCCCPPPPPPPPPPPPPPPPPP
KKFBCCCPPPPPPPPPPPPPPPPPP
SWFBCCCPPPPPPPPPPPPPPPPPP
STJBCCCPPPPPPPPPPPPPPPPPP
Case #5: 
MMMMMMMMMMMMMMMMHHHHHHHHH
MMMMMMMMMMMMMMMMHHHHHHHHH
MMMMMMMMMMMMMMMMHHHHHHHHH
GGGGGGGGGGGGGGGGTTTRRRFFF
CCCCCCCCCCCCCCCCCCWRRRFFF
NNNNNNNNNNNNNNNNLEWIIIZZZ
NNNNNNNNNNNNNNNNXEWIIIOQQ
NNNNNNNNNNNNNNNNSEKKUUAAD
NNNNNNNNNNNNNNNNSEKKVVAAD
NNNNNNNNNNNNNNNNSEKKVVBBD
NNNNNNNNNNNNNNNNSEKKPJBBD
NNNNNNNNNNNNNNNNSEKKPYBBD
NNNNNNNNNNNNNNNNSEKKPYBBD
NNNNNNNNNNNNNNNNSEKKPYBBD
NNNNNNNNNNNNNNNNSEKKPYBBD
NNNNNNNNNNNNNNNNSEKKPYBBD
NNNNNNNNNNNNNNNNSEKKPYBBD
NNNNNNNNNNNNNNNNSEKKPYBBD
NNNNNNNNNNNNNNNNSEKKPYBBD
NNNNNNNNNNNNNNNNSEKKPYBBD
NNNNNNNNNNNNNNNNSEKKPYBBD
NNNNNNNNNNNNNNNNSEKKPYBBD
NNNNNNNNNNNNNNNNSEKKPYBBD
NNNNNNNNNNNNNNNNSEKKPYBBD
NNNNNNNNNNNNNNNNSEKKPYBBD
Case #6: 
AAAAAAAAAAAAAAAAAAAAAAAAA
BBBBBBBBBBBBBBBBBBBBBBBBB
CCCCCCCCCCCCCCCCCCCCCCCCC
DDDDDDDDDDDDDDDDDDDDDDDDD
EEEEEEEEEEEEEEEEEEEEEEEEE
FFFFFFFFFFFFFFFFFFFFFFFFF
GGGGGGGGGGGGGGGGGGGGGGGGG
HHHHHHHHHHHHHHHHHHHHHHHHH
IIIIIIIIIIIIIIIIIIIIIIIII
JJJJJJJJJJJJJJJJJJJJJJJJJ
KKKKKKKKKKKKKKKKKKKKKKKKK
LLLLLLLLLLLLLLLLLLLLLLLLL
MMMMMMMMMMMMMMMMMMMMMMMMM
NNNNNNNNNNNNNNNNNNNNNNNNN
OOOOOOOOOOOOOOOOOOOOOOOOO
PPPPPPPPPPPPPPPPPPPPPPPPP
QQQQQQQQQQQQQQQQQQQQQQQQQ
RRRRRRRRRRRRRRRRRRRRRRRRR
SSSSSSSSSSSSSSSSSSSSSSSSS
TTTTTTTTTTTTTTTTTTTTTTTTT
UUUUUUUUUUUUUUUUUUUUUUUUU
VVVVVVVVVVVVVVVVVVVVVVVVV
WWWWWWWWWWWWWWWWWWWWWWWWW
XXXXXXXXXXXXXXXXXXXXXXXXX
YYYYYYYYYYYYYYYYYYYYYYYYY
Case #7: 
AAAAAAAAAAAAAAAAAAAAAAAAA
AAAAAAAAAAAAAAAAAAAAAAAAA
AAAAAAAAAAAAAAAAAAAAAAAAA
AAAAAAAAAAAAAAAAAAAAAAAAA
AAAAAAAAAAAAAAAAAAAAAAAAA
AAAAAAAAAAAAAAAAAAAAAAAAA
AAAAAAAAAAAAAAAAAAAAAAAAA
AAAAAAAAAAAAAAAAAAAAAAAAA
AAAAAAAAAAAAAAAAAAAAAAAAA
AAAAAAAAAAAAAAAAAAAAAAAAA
AAAAAAAAAAAAAAAAAAAAAAAAA
AAAAAAAAAAAAAAAAAAAAAAAAA
AAAAAAAAAAAAAAAAAAAAAAAAA
AAAAAAAAAAAAAAAAAAAAAAAAA
AAAAAAAAAAAAAAAAAAAAAAAAA
AAAAAAAAAAAAAAAAAAAAAAAAA
ZZZZZZZZZZZZZZZZZZZZZZZZZ
LLLLLLLLLLKKKKKKKKKKKKKKK
RRRRRRRRRRKKKKKKKKKKKKKKK
QQQQYYYYYYKKKKKKKKKKKKKKK
XXXXIGGUUUOOOOOOOOOOOOOOO
HHHHIGGBBBBNFEEEEEEEEEEEE
SSSSIGGCCCCNJEEEEEEEEEEEE
SSSSIGGWWWWNJEEEEEEEEEEEE
DPVVIMMWWWWTJEEEEEEEEEEEE
Case #8: 
CCC
CCC
CCC
DDF
EAB
Case #9: 
IIIIIIIIIIIIIIIRRRRRRRRRR
UUUUUUUUUUUUUUDTTTCCCCCCC
XXXXXXXXXXXQQQEMMMZZZZZZZ
VVVVVVVVVVVQQQHKFYGGGGGGG
VVVVVVVVVVVBAALKWNGGGGGGG
VVVVVVVVVVVBSSJKWNGGGGGGG
VVVVVVVVVVVBSSOPWNGGGGGGG
VVVVVVVVVVVBSSOPWNGGGGGGG
VVVVVVVVVVVBSSOPWNGGGGGGG
VVVVVVVVVVVBSSOPWNGGGGGGG
VVVVVVVVVVVBSSOPWNGGGGGGG
VVVVVVVVVVVBSSOPWNGGGGGGG
VVVVVVVVVVVBSSOPWNGGGGGGG
VVVVVVVVVVVBSSOPWNGGGGGGG
VVVVVVVVVVVBSSOPWNGGGGGGG
VVVVVVVVVVVBSSOPWNGGGGGGG
VVVVVVVVVVVBSSOPWNGGGGGGG
VVVVVVVVVVVBSSOPWNGGGGGGG
VVVVVVVVVVVBSSOPWNGGGGGGG
VVVVVVVVVVVBSSOPWNGGGGGGG
VVVVVVVVVVVBSSOPWNGGGGGGG
VVVVVVVVVVVBSSOPWNGGGGGGG
VVVVVVVVVVVBSSOPWNGGGGGGG
VVVVVVVVVVVBSSOPWNGGGGGGG
VVVVVVVVVVVBSSOPWNGGGGGGG
Case #10: 
AAAAAAAAAAAAAAAAAAAAABBBB
AAAAAAAAAAAAAAAAAAAAABBBB
AAAAAAAAAAAAAAAAAAAAABBBB
AAAAAAAAAAAAAAAAAAAAABBBB
AAAAAAAAAAAAAAAAAAAAABBBB
AAAAAAAAAAAAAAAAAAAAABBBB
AAAAAAAAAAAAAAAAAAAAABBBB
AAAAAAAAAAAAAAAAAAAAABBBB
AAAAAAAAAAAAAAAAAAAAABBBB
AAAAAAAAAAAAAAAAAAAAABBBB
AAAAAAAAAAAAAAAAAAAAABBBB
AAAAAAAAAAAAAAAAAAAAABBBB
AAAAAAAAAAAAAAAAAAAAABBBB
CCCCCCCCCCCCCCCCCCCCCBBBB
CCCCCCCCCCCCCCCCCCCCCDDDD
EEEEEEEEEEEEEEEEEEEEEDDDD
EEEEEEEEEEEEEEEEEEEEEDDDD
EEEEEEEEEEEEEEEEEEEEEDDDD
EEEEEEEEEEEEEEEEEEEEEDDDD
EEEEEEEEEEEEEEEEEEEEEDDDD
EEEEEEEEEEEEEEEEEEEEEDDDD
EEEEEEEEEEEEEEEEEEEEEDDDD
EEEEEEEEEEEEEEEEEEEEEDDDD
EEEEEEEEEEEEEEEEEEEEEDDDD
EEEEEEEEEEEEEEEEEEEEEDDDD
Case #11: 
RRRRRRRRRRRRRRRRRRRRRRRRR
RRRRRRRRRRRRRRRRRRRRRRRRR
RRRRRRRRRRRRRRRRRRRRRRRRR
NNNNNNNNNNNNNNNNNNLLLLLLL
NNNNNNNNNNNNNNNNNNLLLLLLL
NNNNNNNNNNNNNNNNNNCCCCCCC
NNNNNNNNNNNNNNNNNNCCCCCCC
IIIIIIIIIIIIIIIIKKCCCCCCC
IIIIIIIIIIIIIIIIKKCCCCCCC
IIIIIIIIIIIIIIIIKKCCCCCCC
DDDDDDDDDDDDDDDDKKCCCCCCC
DDDDDDDDDDDDDDDDKKCCCCCCC
VVVVVVVVVVVVVVVVKKUUUUUUU
VVVVVVVVVVVVVVVVKKQQQQQQQ
SSSSSSSSSSSSSSSSKKQQQQQQQ
PPPPPPPPPPPPWWWWKKQQQQQQQ
FFFFFFFFFFFFFFAOKKQQQQQQQ
JJJJJJJJJJJJJJAOKKHHHHHEE
JJJJJJJJJJJJJJAOKKHHHHHEE
JJJJJJJJJJJJJJAOKKHHHHHEE
BBBBBBBBBBBBBBAOKKHHHHHEE
BBBBBBBBBBBBBBTOKKHHHHHEE
MMMMMMMMMMMMMMTOGGGGYYYEE
MMMMMMMMMMMMMMTOXXXXYYYEE
ZZZZZZZZZZZZZZTOXXXXYYYEE
Case #12: 
AAAAA
AAAAA
AAAAA
Case #13: 
SSSSZZZZZZZZUUUUUUUUUUUUU
SSSSZZZZZZZZUUUUUUUUUUUUU
SSSSZZZZZZZZUUUUUUUUUUUUU
VVVVZZZZZZZZTTTTTTTTTTTTT
VVVVRRRRRRRRRJJJJJJJJJJJJ
VVVVRRRRRRRRRJJJJJJJJJJJJ
VVVVRRRRRRRRREEEEEEEEEEEP
VVVVKKKKKKKKKEEEEEEEEEEEP
AAAAKKKKKKKKKEEEEEEEEEEEP
NNNIKKKKKKKKKEEEEEEEEEEEP
NNNIGGGGGGGGGEEEEEEEEEEEP
DDDIGGGGGGGGGMMMMMMMMMMMP
DDDIGGGGGGGGGYYYYYYYYYYYP
DDDIGGGGGGGGGQQQQQQQQQQQP
DDDIGGGGGGGGGLLLLLLLLLLLP
DDDIGGGGGGGGGLLLLLLLLLLLP
DDDIGGGGGGGGGLLLLLLLLLLLP
DDDIGGGGGGGGGLLLLLLLLLLLP
DDDIGGGGGGGGGLLLLLLLLLLLP
DDDIGGGGGGGGGLLLLLLLLLLLP
XXXIGGGGGGGGGWWWWWWWWWWWP
XXXIGGGGGGGGGWWWWWWWWWWWP
XXXIGGGGGGGGGWWWWWWWWWWWP
XXXIHHHHHCCCBWWWWWWWWWWWP
XXXIHHHHHFFFOWWWWWWWWWWWP
Case #14: 
TTTTTTTTTTTTTTYYYYYYAAAAA
TTTTTTTTTTTTTTYYYYYYFFFFF
TTTTTTTTTTTTTTYYYYYYHHHHH
VVVVVVQQQMMMMMYYYYYYHHHHH
VVVVVVQQQPPPPPYYYYYYHHHHH
VVVVVVOOOPPPPPYYYYYYSSSSS
LLLLLLOOOPPPPPYYYYYYSSSSS
LLLLLLOOOPPPPPYYYYYYSSSSS
LLLLLLOOOPPPPPYYYYYYSSSSS
LLLLLLNNNPPPPPYYYYYYSSSSS
GGGGGGNNNPPPPPZZZZZZZZZJJ
DDDDDDNNNPPPPPZZZZZZZZZJJ
DDDDDDNNNPPPPPBBBBBBBBBJJ
DDDDDDNNNPPPPPBBBBBBBBBJJ
DDDDDDNNNPPPPPWWWWWWWWWJJ
XXXXXXNNNCCCCCCCCCKKKKKJJ
XXXXXXNNNCCCCCCCCCKKKKKJJ
UUUUUUNNNCCCCCCCCCKKKKKJJ
UUUUUUNNNCCCCCCCCCKKKKKJJ
UUUUUUNNNCCCCCCCCCKKKKKJJ
IIIIIINNNCCCCCCCCCKKKKKJJ
IIIIIINNNEEEEEEEEEKKKKKJJ
IIIIIINNNEEEEEEEEEKKKKKJJ
IIIIIINNNEEEEEEEEERRRRRJJ
IIIIIINNNEEEEEEEEERRRRRJJ
Case #15: 
AAAAAAABBBBBBBBBBBBBBBBBB
AAAAAAABBBBBBBBBBBBBBBBBB
AAAAAAABBBBBBBBBBBBBBBBBB
AAAAAAABBBBBBBBBBBBBBBBBB
AAAAAAABBBBBBBBBBBBBBBBBB
AAAAAAABBBBBBBBBBBBBBBBBB
AAAAAAABBBBBBBBBBBBBBBBBB
AAAAAAABBBBBBBBBBBBBBBBBB
CCCCCCCBBBBBBBBBBBBBBBBBB
CCCCCCCDDDDDDDDDDDDDDDDDD
EEEEEEEDDDDDDDDDDDDDDDDDD
EEEEEEEDDDDDDDDDDDDDDDDDD
EEEEEEEDDDDDDDDDDDDDDDDDD
EEEEEEEDDDDDDDDDDDDDDDDDD
EEEEEEEDDDDDDDDDDDDDDDDDD
EEEEEEEDDDDDDDDDDDDDDDDDD
EEEEEEEDDDDDDDDDDDDDDDDDD
EEEEEEEDDDDDDDDDDDDDDDDDD
EEEEEEEDDDDDDDDDDDDDDDDDD
EEEEEEEDDDDDDDDDDDDDDDDDD
EEEEEEEDDDDDDDDDDDDDDDDDD
EEEEEEEDDDDDDDDDDDDDDDDDD
EEEEEEEDDDDDDDDDDDDDDDDDD
EEEEEEEDDDDDDDDDDDDDDDDDD
EEEEEEEDDDDDDDDDDDDDDDDDD
Case #16: 
LLLLLLLLLLLLLLLLLLLLLLLLL
LLLLLLLLLLLLLLLLLLLLLLLLL
LLLLLLLLLLLLLLLLLLLLLLLLL
LLLLLLLLLLLLLLLLLLLLLLLLL
LLLLLLLLLLLLLLLLLLLLLLLLL
LLLLLLLLLLLLLLLLLLLLLLLLL
LLLLLLLLLLLLLLLLLLLLLLLLL
LLLLLLLLLLLLLLLLLLLLLLLLL
LLLLLLLLLLLLLLLLLLLLLLLLL
LLLLLLLLLLLLLLLLLLLLLLLLL
LLLLLLLLLLLLLLLLLLLLLLLLL
LLLLLLLLLLLLLLLLLLLLLLLLL
LLLLLLLLLLLLLLLLLLLLLLLLL
LLLLLLLLLLLLLLLLLLLLLLLLL
GGGGGGGGGGGGGGGGGGGGGGGGG
UUUUUUUUUUUUUUUUUUUUUUUUU
NNNNNNNNNNNNDDBBBBBBBBBBB
RRRRRRRRRRXXDDFFFFFFFFFFF
RRRRRRRRRRXXDDFFFFFFFFFFF
RRRRRRRRRRXXQQQQQQYYYYYYY
CCCCCCCCCCXXQQQQQQYYYYYYY
CCCCCCCCCCWWEEEEESSMMMMMM
AAAAAAAAAAWWIIIIIOOMMMMMM
KKKKKKKZZZWWJJJVVOOHHHTTT
KKKKKKKZZZWWJJJPPOOHHHTTT
Case #17: 
ABCDEFGHIJKLMNOPQRSTUVWXY
ABCDEFGHIJKLMNOPQRSTUVWXY
ABCDEFGHIJKLMNOPQRSTUVWXY
ABCDEFGHIJKLMNOPQRSTUVWXY
ABCDEFGHIJKLMNOPQRSTUVWXY
ABCDEFGHIJKLMNOPQRSTUVWXY
ABCDEFGHIJKLMNOPQRSTUVWXY
ABCDEFGHIJKLMNOPQRSTUVWXY
ABCDEFGHIJKLMNOPQRSTUVWXY
ABCDEFGHIJKLMNOPQRSTUVWXY
ABCDEFGHIJKLMNOPQRSTUVWXY
ABCDEFGHIJKLMNOPQRSTUVWXY
ABCDEFGHIJKLMNOPQRSTUVWXY
ABCDEFGHIJKLMNOPQRSTUVWXY
ABCDEFGHIJKLMNOPQRSTUVWXY
ABCDEFGHIJKLMNOPQRSTUVWXY
ABCDEFGHIJKLMNOPQRSTUVWXY
ABCDEFGHIJKLMNOPQRSTUVWXY
ABCDEFGHIJKLMNOPQRSTUVWXY
ABCDEFGHIJKLMNOPQRSTUVWXY
ABCDEFGHIJKLMNOPQRSTUVWXY
ABCDEFGHIJKLMNOPQRSTUVWXY
ABCDEFGHIJKLMNOPQRSTUVWXY
ABCDEFGHIJKLMNOPQRSTUVWXY
ABCDEFGHIJKLMNOPQRSTUVWXY
Case #18: 
AAAAAACCCCCCCCCCCCCCCCCCC
AAAAAACCCCCCCCCCCCCCCCCCC
AAAAAACCCCCCCCCCCCCCCCCCC
AAAAAACCCCCCCCCCCCCCCCCCC
AAAAAACCCCCCCCCCCCCCCCCCC
AAAAAAEEEEEEEEEEEEEEEEEEE
AAAAAAEEEEEEEEEEEEEEEEEEE
AAAAAAEEEEEEEEEEEEEEEEEEE
AAAAAAEEEEEEEEEEEEEEEEEEE
BBBBBBBDDDDDDDDDDDDDDDDDD
BBBBBBBDDDDDDDDDDDDDDDDDD
BBBBBBBDDDDDDDDDDDDDDDDDD
BBBBBBBDDDDDDDDDDDDDDDDDD
BBBBBBBDDDDDDDDDDDDDDDDDD
BBBBBBBDDDDDDDDDDDDDDDDDD
BBBBBBBDDDDDDDDDDDDDDDDDD
BBBBBBBFFFFFFFFFFFFGGGGGG
BBBBBBBHHHHHHHHHHHHGGGGGG
BBBBBBBHHHHHHHHHHHHIIIIII
BBBBBBBJJJJJJJJJJJJIIIIII
BBBBBBBJJJJJJJJJJJJIIIIII
BBBBBBBJJJJJJJJJJJJIIIIII
BBBBBBBJJJJJJJJJJJJIIIIII
BBBBBBBJJJJJJJJJJJJIIIIII
BBBBBBBJJJJJJJJJJJJIIIIII
Case #19: 
XXXXXXXXXXXXXXXXXXXXXXXXX
IIIIIIIIIIIIIIIIIIIIIIIII
OOOOOOOOOOOOOOOOJJJJJJJJJ
OOOOOOOOOOOOOOOOJJJJJJJJJ
ZZZZZZZZZZZZZZZZZHHHHHHHH
ZZZZZZZZZZZZZZZZZHHHHHHHH
RRRRRRRRRRRRRRRRRRRYYYYYY
AAAAAAAAAAAAAAAAAAAAAAAAC
EEEEEEEEEEEEEEEEEEEEEEEEC
EEEEEEEEEEEEEEEEEEEEEEEEC
MMMMMMMMMMMMMMMMMMMMMMMMC
MMMMMMMMMMMMMMMMMMMMMMMMC
MMMMMMMMMMMMMMMMMMMMMMMMC
TTTTTTTTTTTTTTQQQQQQQQQPC
DDDDDDDDDDDDDDQQQQQQQQQPC
DDDDDDDDDDDDDDLLLLLLLLLPC
DDDDDDDDDDDDDDLLLLLLLLLPC
NNNNNNNNNNNNNNLLLLLLLLLPC
NNNNNNNNNNNNNNLLLLLLLLLPC
NNNNNNNNNNNNNNLLLLLLLLLPC
WWWWWWWWWWWWWWLLLLLLLLLPC
WWWWWWWWWWWWWWBBBBBBBBBPC
UUUUUUUUUSSSSSGGGGGGGGGPC
KKKKKKKKKSSSSSVVVVVVVVVPC
KKKKKKKKKSSSSSFFFFFFFFFPC
Case #20: 
AAAAAAAAAAAAAAAAAAAAAAAAA
BBBBBBBBBBBBBBBBBBBBBBBBB
CCCCCCCCCCCCCCCCCCCCCCCCC
DDDDDDDDDDDDDDDDDDDDDDDDD
EEEEEEEEEEEEEEEEEEEEEEEEE
FFFFFFFFFFFFFFFFFFFFFFFFF
GGGGGGGGGGGGGGGGGGGGGGGGG
HHHHHHHHHHHHHHHHHHHHHHHHH
IIIIIIIIIIIIIIIIIIIIIIIII
JJJJJJJJJJJJJJJJJJJJJJJJJ
KKKKKKKKKKKKKKKKKKKKKKKKK
LLLLLLLLLLLLLLLLLLLLLLLLL
MMMMMMMMMMMMMMMMMMMMMMMMM
NNNNNNNNNNNNNNNNNNNNNNNNN
OOOOOOOOOOOOOOOOOOOOOOOOO
PPPPPPPPPPPPPPPPPPPPPPPPP
QQQQQQQQQQQQQQQQQQQQQQQQQ
RRRRRRRRRRRRRRRRRRRRRRRRR
SSSSSSSSSSSSSSSSSSSSSSSSS
TTTTTTTTTTTTTTTTTTTTTTTTT
UUUUUUUUUUUUUUUUUUUUUUUUU
VVVVVVVVVVVVVVVVVVVVVVVVV
WWWWWWWWWWWWWWWWWWWWWWWWW
XXXXXXXXXXXXXXXXXXXXXXXXX
YYYYYYYYYYYYYYYYYYYYYYYYY
Case #21: 
AAAA
AAAA
AAAA
AAAA
Case #22: 
A
Case #23: 
ZZZZZZZZZZZZZZZZMMFCCLLNA
ZZZZZZZZZZZZZZZZMMEERBBNA
ZZZZZZZZZZZZZZZZGGGHRBBQA
ZZZZZZZZZZZZZZZZKKSHPYWVX
ZZZZZZZZZZZZZZZZKKTIPYWDX
ZZZZZZZZZZZZZZZZKKTOPYUDX
ZZZZZZZZZZZZZZZZKKTOPJUDX
ZZZZZZZZZZZZZZZZKKTOPJUDX
ZZZZZZZZZZZZZZZZKKTOPJUDX
ZZZZZZZZZZZZZZZZKKTOPJUDX
ZZZZZZZZZZZZZZZZKKTOPJUDX
ZZZZZZZZZZZZZZZZKKTOPJUDX
ZZZZZZZZZZZZZZZZKKTOPJUDX
ZZZZZZZZZZZZZZZZKKTOPJUDX
ZZZZZZZZZZZZZZZZKKTOPJUDX
ZZZZZZZZZZZZZZZZKKTOPJUDX
ZZZZZZZZZZZZZZZZKKTOPJUDX
ZZZZZZZZZZZZZZZZKKTOPJUDX
ZZZZZZZZZZZZZZZZKKTOPJUDX
ZZZZZZZZZZZZZZZZKKTOPJUDX
ZZZZZZZZZZZZZZZZKKTOPJUDX
ZZZZZZZZZZZZZZZZKKTOPJUDX
ZZZZZZZZZZZZZZZZKKTOPJUDX
ZZZZZZZZZZZZZZZZKKTOPJUDX
ZZZZZZZZZZZZZZZZKKTOPJUDX
Case #24: 
AABBCCDDEEFFGGHHIIJJKKLLM
NNNOOPPQQRRSSTTUUVVWWXXYM
ZZZOOPPQQRRSSTTUUVVWWXXYM
ZZZOOPPQQRRSSTTUUVVWWXXYM
ZZZOOPPQQRRSSTTUUVVWWXXYM
ZZZOOPPQQRRSSTTUUVVWWXXYM
ZZZOOPPQQRRSSTTUUVVWWXXYM
ZZZOOPPQQRRSSTTUUVVWWXXYM
ZZZOOPPQQRRSSTTUUVVWWXXYM
ZZZOOPPQQRRSSTTUUVVWWXXYM
ZZZOOPPQQRRSSTTUUVVWWXXYM
ZZZOOPPQQRRSSTTUUVVWWXXYM
ZZZOOPPQQRRSSTTUUVVWWXXYM
ZZZOOPPQQRRSSTTUUVVWWXXYM
ZZZOOPPQQRRSSTTUUVVWWXXYM
ZZZOOPPQQRRSSTTUUVVWWXXYM
ZZZOOPPQQRRSSTTUUVVWWXXYM
ZZZOOPPQQRRSSTTUUVVWWXXYM
ZZZOOPPQQRRSSTTUUVVWWXXYM
ZZZOOPPQQRRSSTTUUVVWWXXYM
ZZZOOPPQQRRSSTTUUVVWWXXYM
ZZZOOPPQQRRSSTTUUVVWWXXYM
ZZZOOPPQQRRSSTTUUVVWWXXYM
ZZZOOPPQQRRSSTTUUVVWWXXYM
ZZZOOPPQQRRSSTTUUVVWWXXYM
Case #25: 
NNNNNNNNNNNNNNNNNNNNNNNNN
NNNNNNNNNNNNNNNNNNNNNNNNN
NNNNNNNNNNNNNNNNNNNNNNNNN
GGGGGGGGGGMMMMMMMMMMPPPPP
GGGGGGGGGGMMMMMMMMMMPPPPP
GGGGGGGGGGWWWWWWWWWWPPPPP
HHHHHHHHHHWWWWWWWWWWPPPPP
HHHHHHHHHHWWWWWWWWWWPPPPP
XXXXXXXXXXWWWWWWWWWWPPPPP
KKKKKKKKKKKKKKKKKKEELLLLL
KKKKKKKKKKKKKKKKKKEELLLLL
RRRRRRRRRRRRRRRRRREEAAAAA
RRRRRRRRRRRRRRRRRREEAAAAA
UUUUUUUUUUUUUUUUUUEEAAAAA
BBBBBBBBBBBBBBBBBBJJAAAAA
BBBBBBBBBBBBBBBBBBJJAAAAA
OOOOOOOOOOOOOOOOOOJJAAAAA
OOOOOOOOOOOOOOOOOOJJAAAAA
OOOOOOOOOOOOOOOOOOJJVVVVV
IIIIIIIIIIIIIIIIIIJJVVVVV
DDDDDDDDQQQQQQQQQQJJVVVVV
DDDDDDDDCCCCCCCCCCJJSSSSS
DDDDDDDDTTTTTTTTTTTYSSSSS
DDDDDDDDFFFFFFFFFFFYSSSSS
Case #26: 
AB
Case #27: 
A
B
Case #28: 
DAE
BIH
GFC
Case #29: 
AAAAAAAAAAAAAAAAAAAAAAAAA
DDDDDDDDDDDDDDDDDDDDDLLLL
DDDDDDDDDDDDDDDDDDDDDZZZZ
RRRRRRRRRRRRRRRRRRNNNZZZZ
RRRRRRRRRRRRRRRRRRNNNZZZZ
CCCCCCCCCCCCCYYYYYNNNZZZZ
CCCCCCCCCCCCCYYYYYNNNZZZZ
CCCCCCCCCCCCCYYYYYNNNZZZZ
CCCCCCCCCCCCCYYYYYNNNZZZZ
CCCCCCCCCCCCCMMMMMNNNZZZZ
EEEEEEEEEEEEEMMMMMNNNGGGG
EEEEEEEEEEEEEMMMMMNNNGGGG
OOOOOOOOOOKKKMMMMMBBBGGGG
WWWWWWWWWWKKKMMMMMBBBGGGG
WWWWWWWWWWKKKPPPPPBBBGGGG
SSSSSSSXXXKKKPPPPPBBBJJJJ
SSSSSSSXXXKKKHHHHHBBBJJJJ
SSSSSSSXXXKKKHHHHHBBBJJJJ
SSSSSSSXXXKKKHHHHHBBBJJJJ
SSSSSSSXXXKKKHHHHHBBBIIII
SSSSSSSXXXKKKHHHHHUUUIIII
SSSSSSSXXXKKKHHHHHTTTIIII
SSSSSSSQQQKKKHHHHHTTTIIII
SSSSSSSQQQVVVHHHHHTTTIIII
SSSSSSSQQQVVVHHHHHTTTFFFF
Case #30: 
AAAAA
AAAAA
AAAAA
AAAAA
AAAAA
BBBBB
BBBBB
Case #31: 
KKKKKKKKKKKKKKKKKKKKKKKEE
LLLLLLLLLLLLLWWWWCCCCCCEE
JJJJJJIIIIIIIWWWWCCCCCCEE
JJJJJJIIIIIIIZZZZCCCCCCEE
JJJJJJIIIIIIIZZZZAAAAAAEE
JJJJJJIIIIIIIZZZZAAAAAAEE
TTTTTTIIIIIIIZZZZAAAAAAEE
TTTTTTIIIIIIIZZZZUUUUUUEE
TTTTTTBBBBBBBZZZZUUUUUUEE
TTTTTTBBBBBBBZZZZUUUUUUEE
TTTTTTBBBBBBBZZZZNNNNNNEE
TTTTTTBBBBBBBZZZZNNNNNNEE
RRRRRRBBBBBBBZZZZNNNNNNEE
XXXXXXBBBBBBBZZZZNNNNNNEE
FFFFFFBBBBBBBZZZZNNNNNNHH
FFFFFFBBBBBBBZZZZNNNNNNHH
FFFFFFBBBBBBBZZZZYYYYYYHH
FFFFFFBBBBBBBZZZZPPPPPPHH
FFFFFFBBBBBBBZZZZPPPPPPHH
FFFFFFQQQQQQQZZZZPPPPPPHH
FFFFFFQQQQQQQZZZZPPPPPPHH
FFFFFFQQQQQQQOOOOOOODDDHH
FFFFFFQQQQQQQMMSSSSSSGGHH
FFFFFFQQQQQQQMMSSSSSSGGVV
FFFFFFQQQQQQQMMSSSSSSGGVV
Case #32: 
ABCDEFGHIJKLMNOPQRSTUVWXY
ABCDEFGHIJKLMNOPQRSTUVWXY
ABCDEFGHIJKLMNOPQRSTUVWXY
ABCDEFGHIJKLMNOPQRSTUVWXY
ABCDEFGHIJKLMNOPQRSTUVWXY
ABCDEFGHIJKLMNOPQRSTUVWXY
ABCDEFGHIJKLMNOPQRSTUVWXY
ABCDEFGHIJKLMNOPQRSTUVWXY
ABCDEFGHIJKLMNOPQRSTUVWXY
ABCDEFGHIJKLMNOPQRSTUVWXY
ABCDEFGHIJKLMNOPQRSTUVWXY
ABCDEFGHIJKLMNOPQRSTUVWXY
ABCDEFGHIJKLMNOPQRSTUVWXY
ABCDEFGHIJKLMNOPQRSTUVWXY
ABCDEFGHIJKLMNOPQRSTUVWXY
ABCDEFGHIJKLMNOPQRSTUVWXY
ABCDEFGHIJKLMNOPQRSTUVWXY
ABCDEFGHIJKLMNOPQRSTUVWXY
ABCDEFGHIJKLMNOPQRSTUVWXY
ABCDEFGHIJKLMNOPQRSTUVWXY
ABCDEFGHIJKLMNOPQRSTUVWXY
ABCDEFGHIJKLMNOPQRSTUVWXY
ABCDEFGHIJKLMNOPQRSTUVWXY
ABCDEFGHIJKLMNOPQRSTUVWXY
ABCDEFGHIJKLMNOPQRSTUVWXY
Case #33: 
D
H
C
C
J
J
J
J
J
L
L
G
G
G
G
B
F
M
M
M
A
I
K
K
E
Case #34: 
ABCDEFGHIJKLMNOPQRSTUVWXY
ABCDEFGHIJKLMNOPQRSTUVWXY
ABCDEFGHIJKLMNOPQRSTUVWXY
ABCDEFGHIJKLMNOPQRSTUVWXY
ABCDEFGHIJKLMNOPQRSTUVWXY
ABCDEFGHIJKLMNOPQRSTUVWXY
ABCDEFGHIJKLMNOPQRSTUVWXY
ABCDEFGHIJKLMNOPQRSTUVWXY
ABCDEFGHIJKLMNOPQRSTUVWXY
ABCDEFGHIJKLMNOPQRSTUVWXY
ABCDEFGHIJKLMNOPQRSTUVWXY
ABCDEFGHIJKLMNOPQRSTUVWXY
ABCDEFGHIJKLMNOPQRSTUVWXY
ABCDEFGHIJKLMNOPQRSTUVWXY
ABCDEFGHIJKLMNOPQRSTUVWXY
ABCDEFGHIJKLMNOPQRSTUVWXY
ABCDEFGHIJKLMNOPQRSTUVWXY
ABCDEFGHIJKLMNOPQRSTUVWXY
ABCDEFGHIJKLMNOPQRSTUVWXY
ABCDEFGHIJKLMNOPQRSTUVWXY
ABCDEFGHIJKLMNOPQRSTUVWXY
ABCDEFGHIJKLMNOPQRSTUVWXY
ABCDEFGHIJKLMNOPQRSTUVWXY
ABCDEFGHIJKLMNOPQRSTUVWXY
ABCDEFGHIJKLMNOPQRSTUVWXY
Case #35: 
OOOOOOOOOOOOOOOOOOOOOOOOO
NNNNNNNNNEEEEEEETTTTTTTTT
NNNNNNNNNEEEEEEEGGGGGGGGG
NNNNNNNNNVVVVVVVVZZZZZZZU
NNNNNNNNNVVVVVVVVSSSSSSSU
NNNNNNNNNVVVVVVVVMMMMMBBU
NNNNNNNNNAAAAAAAAMMMMMBBU
NNNNNNNNNAAAAAAAAMMMMMBBU
NNNNNNNNNJJFFPPPPMMMMMBBU
NNNNNNNNNJJFFPPPPKKKKKBBY
NNNNNNNNNJJFFPPPPKKKKKBBY
NNNNNNNNNJJFFPPPPKKKKKBBY
IIIIIIIIIJJFFPPPPKKKKKBBY
IIIIIIIIIJJFFPPPPKKKKKBBY
IIIIIIIIIJJFFPPPPKKKKKBBY
IIIIIIIIIJJFFPPPPKKKKKBBY
IIIIIIIIIJJFFPPPPDDDDDBBY
IIIIIIIIIJJFFPPPPDDDDDXXY
IIIIIIIIIJJFFPPPPDDDDDXXY
IIIIIIIIIJJFFPPPPDDDDDXXY
HHHHHHHHHCCFFPPPPDDDDDXXY
HHHHHHHHHLLFFPPPPDDDDDXXY
HHHHHHHHHLLFFRRRRWWWWWXXY
QQQQQQQQQLLFFRRRRWWWWWXXY
QQQQQQQQQLLFFRRRRWWWWWXXY
Case #36: 
AA
AA
Case #37: 
HHHHHHHHHHHHHHHHHHHHHHHHH
YYYYYYYYYYYYYYYYYYYYYYYYY
XXXXXXXXXXXXXXXXXXXXDDDDD
XXXXXXXXXXXXXXXXXXXXDDDDD
XXXXXXXXXXXXXXXXXXXXDDDDD
XXXXXXXXXXXXXXXXXXXXDDDDD
XXXXXXXXXXXXXXXXXXXXDDDDD
LLLLLLLLLLLLLLLLLLLLDDDDD
AAAAAAAAAAAAAAAAAAAADDDDD
OOOOOOOOOOOZZZZZZZZZDDDDD
OOOOOOOOOOOCCCCCCCCCCGGGG
OOOOOOOOOOOCCCCCCCCCCGGGG
OOOOOOOOOOOCCCCCCCCCCEEEE
BBBBBBBBBBBCCCCCCCCCCEEEE
BBBBBBBBBBBFFFFFFFFFFEEEE
RRNNNNNIIIIFFFFFFFFFFEEEE
RRNNNNNIIIIQQQQQQQQQKEEEE
RRNNNNNIIIIQQQQQQQQQKEEEE
RRPPPPSIIIIQQQQQQQQQKEEEE
RRJJJJSIIIIQQQQQQQQQKVVVV
RRJJJJSIIIIQQQQQQQQQKVVVV
RRJJJJSIIIIQQQQQQQQQKVVVV
RRWWWWSIIIIQQQQQQQQQKVVVV
RRWWWWSIIIIMMMMMUUUUKVVVV
RRWWWWSTTTTMMMMMUUUUKVVVV
Case #38: 
ACCCCCCCCCCCCCCCCCCCCCCCC
ACCCCCCCCCCCCCCCCCCCCCCCC
ACCCCCCCCCCCCCCCCCCCCCCCC
ACCCCCCCCCCCCCCCCCCCCCCCC
ACCCCCCCCCCCCCCCCCCCCCCCC
ACCCCCCCCCCCCCCCCCCCCCCCC
AEEEEEEEEEEEEEEEEEEEEEEEE
AEEEEEEEEEEEEEEEEEEEEEEEE
AEEEEEEEEEEEEEEEEEEEEEEEE
AEEEEEEEEEEEEEEEEEEEEEEEE
BBDDDDDDDDDDDDDDDDDDDDDDD
BBDDDDDDDDDDDDDDDDDDDDDDD
BBDDDDDDDDDDDDDDDDDDDDDDD
BBDDDDDDDDDDDDDDDDDDDDDDD
BBDDDDDDDDDDDDDDDDDDDDDDD
BBDDDDDDDDDDDDDDDDDDDDDDD
BBDDDDDDDDDDDDDDDDDDDDDDD
BBDDDDDDDDDDDDDDDDDDDDDDD
BBDDDDDDDDDDDDDDDDDDDDDDD
BBDDDDDDDDDDDDDDDDDDDDDDD
BBDDDDDDDDDDDDDDDDDDDDDDD
BBDDDDDDDDDDDDDDDDDDDDDDD
BBDDDDDDDDDDDDDDDDDDDDDDD
BBDDDDDDDDDDDDDDDDDDDDDDD
BBDDDDDDDDDDDDDDDDDDDDDDD
Case #39: 
JJJKGOODDDDBBBVZNHCCESSUU
WWXKAOOQFTTLLLVZNMPRESSYI
Case #40: 
OOOOOOOOOOOOOOOOOOOOOOOOO
OOOOOOOOOOOOOOOOOOOOOOOOO
OOOOOOOOOOOOOOOOOOOOOOOOO
OOOOOOOOOOOOOOOOOOOOOOOOO
OOOOOOOOOOOOOOOOOOOOOOOOO
OOOOOOOOOOOOOOOOOOOOOOOOO
YYYYYYYYYYYYYYYYYYYYYYYAA
RRRRRRRRRRRRRRRRRRRRVVVPP
RRRRRRRRRRRRRRRRRRRRVVVPP
IIIIIIIIIIIIIIIIIIIIXXXGG
KKKKKKKKKKKKKKKKKKKKEEEGG
NNNNNNNNNNNNNNNNNNNNEEEMM
JJJJJJJJJJJJJJJJJJJJJFFMM
JJJJJJJJJJJJJJJJJJJJJWLQQ
TTTTTTTTTTTTTTTTTTTTTWLQQ
HHHHHHHHHHHHHHHHHHHHHWDQQ
SSSSSSSSSSSSSSSSSSSSSWCQQ
UUUUUUUUUUUUUUUUUUUUUWCQQ
UUUUUUUUUUUUUUUUUUUUUWCQQ
UUUUUUUUUUUUUUUUUUUUUWBZZ
UUUUUUUUUUUUUUUUUUUUUWBZZ
UUUUUUUUUUUUUUUUUUUUUWBZZ
UUUUUUUUUUUUUUUUUUUUUWBZZ
UUUUUUUUUUUUUUUUUUUUUWBZZ
UUUUUUUUUUUUUUUUUUUUUWBZZ
Case #41: 
IIIIIIIIIIIIIIIIIIIIIIIII
IIIIIIIIIIIIIIIIIIIIIIIII
WWWWWWWWWWWWWWWWWWWWWWWWW
WWWWWWWWWWWWWWWWWWWWWWWWW
HHHHHHHHHHHHHHHHHHHHHHHHH
CCCCCCCCCCCCCCCCCCCCCCCCC
DDDDDDDDDDDDDDDDDDDDDDDDD
MMMMMMMMMMMMMMMMMMMMMOOOO
SSSSSSSSSSSSSSSSSSSSSOOOO
LLLLLLLLLLLLLLLLLLLLLOOOO
VVVVVVVVVVVVVVVAAAAAAOOOO
YYYYYYYYYYYYYYYAAAAAAOOOO
YYYYYYYYYYYYYYYFFFFFFOOOO
QQQQQQQQQQQQQQQFFFFFFOOOO
QQQQQQQQQQQQQQQFFFFFFOOOO
KKKKKKKKKNNNNNNNXXXXZOOOO
KKKKKKKKKNNNNNNNXXXXZOOOO
KKKKKKKKKNNNNNNNXXXXZOOOO
KKKKKKKKKPPPPPPPXXXXZOOOO
KKKKKKKKKUUUUUUUXXXXZOOOO
KKKKKKKKKUUUUUUUJJJBZOOOO
KKKKKKKKKUUUUUUUJJJBZOOOO
KKKKKKKKKUUUUUUUTTTBZOOOO
KKKKKKKKKUUUUUUUTTTBZRRGG
KKKKKKKKKEEEEEEETTTBZRRGG
Case #42: 
AAAAAAAAAAAAAAAAAAAAAAAAA
AAAAAAAAAAAAAAAAAAAAAAAAA
AAAAAAAAAAAAAAAAAAAAAAAAA
AAAAAAAAAAAAAAAAAAAAAAAAA
AAAAAAAAAAAAAAAAAAAAAAAAA
AAAAAAAAAAAAAAAAAAAAAAAAA
AAAAAAAAAAAAAAAAAAAAAAAAA
AAAAAAAAAAAAAAAAAAAAAAAAA
AAAAAAAAAAAAAAAAAAAAAAAAA
AAAAAAAAAAAAAAAAAAAAAAAAA
AAAAAAAAAAAAAAAAAAAAAAAAA
AAAAAAAAAAAAAAAAAAAAAAAAA
AAAAAAAAAAAAAAAAAAAAAAAAA
AAAAAAAAAAAAAAAAAAAAAAAAA
AAAAAAAAAAAAAAAAAAAAAAAAA
AAAAAAAAAAAAAAAAAAAAAAAAA
AAAAAAAAAAAAAAAAAAAAAAAAA
AAAAAAAAAAAAAAAAAAAAAAAAA
AAAAAAAAAAAAAAAAAAAAAAAAA
AAAAAAAAAAAAAAAAAAAAAAAAA
AAAAAAAAAAAAAAAAAAAAAAAAA
AAAAAAAAAAAAAAAAAAAAAAAAA
AAAAAAAAAAAAAAAAAAAAAAAAA
AAAAAAAAAAAAAAAAAAAAAAAAA
AAAAAAAAAAAAAAAAAAAAAAAAA
Case #43: 
AAAAAAAAAAAAAAAAAACCCCCCC
AAAAAAAAAAAAAAAAAACCCCCCC
AAAAAAAAAAAAAAAAAACCCCCCC
AAAAAAAAAAAAAAAAAACCCCCCC
AAAAAAAAAAAAAAAAAACCCCCCC
AAAAAAAAAAAAAAAAAACCCCCCC
AAAAAAAAAAAAAAAAAACCCCCCC
AAAAAAAAAAAAAAAAAACCCCCCC
AAAAAAAAAAAAAAAAAACCCCCCC
AAAAAAAAAAAAAAAAAACCCCCCC
AAAAAAAAAAAAAAAAAACCCCCCC
AAAAAAAAAAAAAAAAAACCCCCCC
AAAAAAAAAAAAAAAAAACCCCCCC
AAAAAAAAAAAAAAAAAACCCCCCC
AAAAAAAAAAAAAAAAAACCCCCCC
AAAAAAAAAAAAAAAAAACCCCCCC
AAAAAAAAAAAAAAAAAACCCCCCC
AAAAAAAAAAAAAAAAAACCCCCCC
AAAAAAAAAAAAAAAAAAEEEEEEE
AAAAAAAAAAAAAAAAAAEEEEEEE
AAAAAAAAAAAAAAAAAAEEEEEEE
AAAAAAAAAAAAAAAAAAEEEEEEE
BBBBBBBBBBBBBBBBBBBDDDDDD
BBBBBBBBBBBBBBBBBBBDDDDDD
BBBBBBBBBBBBBBBBBBBDDDDDD
Case #44: 
ABCDEFGHIJKLMNOPQRSTUVWXY
ABCDEFGHIJKLMNOPQRSTUVWXY
ABCDEFGHIJKLMNOPQRSTUVWXY
ABCDEFGHIJKLMNOPQRSTUVWXY
ABCDEFGHIJKLMNOPQRSTUVWXY
ABCDEFGHIJKLMNOPQRSTUVWXY
ABCDEFGHIJKLMNOPQRSTUVWXY
ABCDEFGHIJKLMNOPQRSTUVWXY
ABCDEFGHIJKLMNOPQRSTUVWXY
ABCDEFGHIJKLMNOPQRSTUVWXY
ABCDEFGHIJKLMNOPQRSTUVWXY
ABCDEFGHIJKLMNOPQRSTUVWXY
ABCDEFGHIJKLMNOPQRSTUVWXY
ABCDEFGHIJKLMNOPQRSTUVWXY
ABCDEFGHIJKLMNOPQRSTUVWXY
ABCDEFGHIJKLMNOPQRSTUVWXY
ABCDEFGHIJKLMNOPQRSTUVWXY
ABCDEFGHIJKLMNOPQRSTUVWXY
ABCDEFGHIJKLMNOPQRSTUVWXY
ABCDEFGHIJKLMNOPQRSTUVWXY
ABCDEFGHIJKLMNOPQRSTUVWXY
ABCDEFGHIJKLMNOPQRSTUVWXY
ABCDEFGHIJKLMNOPQRSTUVWXY
ABCDEFGHIJKLMNOPQRSTUVWXY
ABCDEFGHIJKLMNOPQRSTUVWXY
Case #45: 
HCMMMBDLFJEKIAAAAAAAAAGGG
Case #46: 
AAAAAAAAAAAAAAAAAAAAAAAAA
BBBBBBBBBBBBBBBBBBBBBBBBB
CCCCCCCCCCCCCCCCCCCCCCCCC
DDDDDDDDDDDDDDDDDDDDDDDDD
EEEEEEEEEEEEEEEEEEEEEEEEE
FFFFFFFFFFFFFFFFFFFFFFFFF
GGGGGGGGGGGGGGGGGGGGGGGGG
HHHHHHHHHHHHHHHHHHHHHHHHH
IIIIIIIIIIIIIIIIIIIIIIIII
JJJJJJJJJJJJJJJJJJJJJJJJJ
KKKKKKKKKKKKKKKKKKKKKKKKK
LLLLLLLLLLLLLLLLLLLLLLLLL
MMMMMMMMMMMMMMMMMMMMMMMMM
NNNNNNNNNNNNNNNNNNNNNNNNN
OOOOOOOOOOOOOOOOOOOOOOOOO
PPPPPPPPPPPPPPPPPPPPPPPPP
QQQQQQQQQQQQQQQQQQQQQQQQQ
RRRRRRRRRRRRRRRRRRRRRRRRR
SSSSSSSSSSSSSSSSSSSSSSSSS
TTTTTTTTTTTTTTTTTTTTTTTTT
UUUUUUUUUUUUUUUUUUUUUUUUU
VVVVVVVVVVVVVVVVVVVVVVVVV
WWWWWWWWWWWWWWWWWWWWWWWWW
XXXXXXXXXXXXXXXXXXXXXXXXX
YYYYYYYYYYYYYYYYYYYYYYYYY
Case #47: 
VVVVVVVVVVVVNNNNNNNNNNNNN
VVVVVVVVVVVVZZZZZZZZZZZZZ
MMMMMMMMMMMMLLLLLLLLLLLLL
JJJJJJJJJJRRRRRRRCCCCCCCC
EEEEEEEHHHHQQQQGGCCCCCCCC
EEEEEEEHHHHDDDDGGYYYYYYYY
EEEEEEEBBIIDDDDGGYYYYYYYY
EEEEEEEBBIIDDDDGGAWWWWWWW
EEEEEEEBBFFFFXXOSAWWWWWWW
EEEEEEEBBFFFFXXOSAWWWWWWW
EEEEEEEBBFFFFKTUSAWWWWWWW
EEEEEEEBBFFFFKTUSAWWWWWWW
EEEEEEEBBFFFFKPUSAWWWWWWW
EEEEEEEBBFFFFKPUSAWWWWWWW
EEEEEEEBBFFFFKPUSAWWWWWWW
EEEEEEEBBFFFFKPUSAWWWWWWW
EEEEEEEBBFFFFKPUSAWWWWWWW
EEEEEEEBBFFFFKPUSAWWWWWWW
EEEEEEEBBFFFFKPUSAWWWWWWW
EEEEEEEBBFFFFKPUSAWWWWWWW
EEEEEEEBBFFFFKPUSAWWWWWWW
EEEEEEEBBFFFFKPUSAWWWWWWW
EEEEEEEBBFFFFKPUSAWWWWWWW
EEEEEEEBBFFFFKPUSAWWWWWWW
EEEEEEEBBFFFFKPUSAWWWWWWW
Case #48: 
OOOOOOOOOOOOOOOOOOOOOOOOO
PPPPPPPPPPPPPPPPPPPPPPPPP
YYYYYYYYYYYYYTTTTTTTTTTTT
YYYYYYYYYYYYYWWWWWWWWWWWE
UUUUUUUUUUUUZWWWWWWWWWWWE
UUUUUUUUUUUUZWWWWWWWWWWWE
CCCCCCCCCMMMZWWWWWWWWWWWE
BBBBBBBBBMMMZWWWWWWWWWWWE
BBBBBBBBBMMMZDDDDDDDDDDDE
BBBBBBBBBMMMZSSSSSSSSSSSE
HHHHHHHHHMMMZSSSSSSSSSSSE
RRRRRRRRRMMMZKKKKKKKKKKKE
RRRRRRRRRMMMZAANNNNNNNNNE
RRRRRRRRRMMMZAANNNNNNNNNE
RRRRRRRRRMMMZAAXXXXXXXXXE
RRRRRRRRRMMMZAAXXXXXXXXXE
RRRRRRRRRMMMZAAXXXXXXXXXE
RRRRRRRRRMMMZAAXXXXXXXXXE
LLLLLLLLLLLJZAAXXXXXXXXXE
LLLLLLLLLLLJZQQXXXXXXXXXE
LLLLLLLLLLLJZQQXXXXXXXXXE
FFFFFFFFFFFJZQQXXXXXXXXXE
GGGGGGGGGVVJZQQXXXXXXXXXE
GGGGGGGGGVVJZQQIIIIIIIIIE
GGGGGGGGGVVJZQQIIIIIIIIIE
Case #49: 
JJJJJJJJJJJJJJJJJJKKKKKKK
ZZZZZZZZZZZZZZZZZZKKKKKKK
AAAAAAAAAAAAAAAAAAAAAIIII
EEEEEEEEEEEEEEEEXXXXXIIII
BBBBBBBBBBBBBBGGPPQQUUUUM
CCCCCCCCCCCCCCOLPPFFUUUUM
CCCCCCCCCCCCCCOHPPFFYYYYM
TTTTTTTTTTTTTTOHPPFFDDDDM
TTTTTTTTTTTTTTOHRRRWDDDDM
TTTTTTTTTTTTTTOHVVVWNNNNM
TTTTTTTTTTTTTTOHVVVWNNNNM
TTTTTTTTTTTTTTOHVVVWNNNNM
TTTTTTTTTTTTTTOHSSSWNNNNM
TTTTTTTTTTTTTTOHSSSWNNNNM
TTTTTTTTTTTTTTOHSSSWNNNNM
TTTTTTTTTTTTTTOHSSSWNNNNM
TTTTTTTTTTTTTTOHSSSWNNNNM
TTTTTTTTTTTTTTOHSSSWNNNNM
TTTTTTTTTTTTTTOHSSSWNNNNM
TTTTTTTTTTTTTTOHSSSWNNNNM
TTTTTTTTTTTTTTOHSSSWNNNNM
TTTTTTTTTTTTTTOHSSSWNNNNM
TTTTTTTTTTTTTTOHSSSWNNNNM
TTTTTTTTTTTTTTOHSSSWNNNNM
TTTTTTTTTTTTTTOHSSSWNNNNM
Case #50: 
IIIIIIIIIIIIIIIIIIYYNKMWW
PPPPPPPPPPPPPPPPPPYYFJOOC
PPPPPPPPPPPPPPPPPPQQGEEDC
PPPPPPPPPPPPPPPPPPUZGEEDC
PPPPPPPPPPPPPPPPPPUZGLXDC
PPPPPPPPPPPPPPPPPPUZGLXRT
PPPPPPPPPPPPPPPPPPUZGSXRB
PPPPPPPPPPPPPPPPPPUZGSAHB
PPPPPPPPPPPPPPPPPPUZGSAVB
PPPPPPPPPPPPPPPPPPUZGSAVB
PPPPPPPPPPPPPPPPPPUZGSAVB
PPPPPPPPPPPPPPPPPPUZGSAVB
PPPPPPPPPPPPPPPPPPUZGSAVB
PPPPPPPPPPPPPPPPPPUZGSAVB
PPPPPPPPPPPPPPPPPPUZGSAVB
PPPPPPPPPPPPPPPPPPUZGSAVB
PPPPPPPPPPPPPPPPPPUZGSAVB
PPPPPPPPPPPPPPPPPPUZGSAVB
PPPPPPPPPPPPPPPPPPUZGSAVB
PPPPPPPPPPPPPPPPPPUZGSAVB
PPPPPPPPPPPPPPPPPPUZGSAVB
PPPPPPPPPPPPPPPPPPUZGSAVB
PPPPPPPPPPPPPPPPPPUZGSAVB
PPPPPPPPPPPPPPPPPPUZGSAVB
PPPPPPPPPPPPPPPPPPUZGSAVB
Case #51: 
AAAAACCCCCCCCCCCCCCCCCCCC
AAAAACCCCCCCCCCCCCCCCCCCC
AAAAAEEEEEEEEEEEEEEEEEEEE
AAAAAEEEEEEEEEEEEEEEEEEEE
AAAAAEEEEEEEEEEEEEEEEEEEE
AAAAAEEEEEEEEEEEEEEEEEEEE
BBBBBBDDDDDDDDDDDDDDDDDDD
BBBBBBDDDDDDDDDDDDDDDDDDD
BBBBBBDDDDDDDDDDDDDDDDDDD
BBBBBBDDDDDDDDDDDDDDDDDDD
BBBBBBDDDDDDDDDDDDDDDDDDD
BBBBBBDDDDDDDDDDDDDDDDDDD
BBBBBBDDDDDDDDDDDDDDDDDDD
BBBBBBFFFFFFFFFFFFFGGGGGG
BBBBBBHHHHHHHHHHHHHGGGGGG
BBBBBBHHHHHHHHHHHHHIIIIII
BBBBBBJJJJJJJJJJJJJIIIIII
BBBBBBJJJJJJJJJJJJJIIIIII
BBBBBBJJJJJJJJJJJJJIIIIII
BBBBBBJJJJJJJJJJJJJIIIIII
BBBBBBJJJJJJJJJJJJJIIIIII
BBBBBBJJJJJJJJJJJJJIIIIII
BBBBBBJJJJJJJJJJJJJIIIIII
BBBBBBJJJJJJJJJJJJJIIIIII
BBBBBBJJJJJJJJJJJJJIIIIII
Case #52: 
AAAAAACCCCCCCCCCCCCCCCCCC
AAAAAACCCCCCCCCCCCCCCCCCC
AAAAAACCCCCCCCCCCCCCCCCCC
AAAAAACCCCCCCCCCCCCCCCCCC
AAAAAAEEEEEEEEEEEEEEEEEEE
AAAAAAEEEEEEEEEEEEEEEEEEE
AAAAAAEEEEEEEEEEEEEEEEEEE
AAAAAAEEEEEEEEEEEEEEEEEEE
BBBBBBBDDDDDDDDDDDDDDDDDD
BBBBBBBDDDDDDDDDDDDDDDDDD
BBBBBBBDDDDDDDDDDDDDDDDDD
BBBBBBBDDDDDDDDDDDDDDDDDD
BBBBBBBDDDDDDDDDDDDDDDDDD
BBBBBBBFFFFFFFFFFFFFFGGGG
BBBBBBBHHHHHHHHHHHHHHGGGG
BBBBBBBHHHHHHHHHHHHHHIIII
BBBBBBBJJJJJJJJJJJJJJIIII
BBBBBBBJJJJJJJJJJJJJJIIII
BBBBBBBJJJJJJJJJJJJJJIIII
BBBBBBBJJJJJJJJJJJJJJIIII
BBBBBBBJJJJJJJJJJJJJJIIII
BBBBBBBJJJJJJJJJJJJJJIIII
BBBBBBBJJJJJJJJJJJJJJIIII
BBBBBBBJJJJJJJJJJJJJJIIII
BBBBBBBJJJJJJJJJJJJJJIIII
Case #53: 
AAAAAAAAAAAAAAAAAAAAAAAAA
WWWWWWWWWWWWWWWWWWWWWWWWW
WWWWWWWWWWWWWWWWWWWWWWWWW
EEEEEEEEEEEEEEEEEEEEEEEEE
NNNNNNNNNNNNNNNNNNNNNNNNN
NNNNNNNNNNNNNNNNNNNNNNNNN
KKKKKKKKKKKKKKKKKKKKKKKKK
VVVVVVVVVVVVVVVVVVVVVVVVV
SSSSSSSSHHHHHHHHHHHHHHHHH
SSSSSSSSGGGGGGGGGGGGGGGGG
SSSSSSSSIIIIIIIIIIIIIIIII
SSSSSSSSYYYYYYYYYDDDDDDDD
SSSSSSSSYYYYYYYYYDDDDDDDD
SSSSSSSSYYYYYYYYYBBBBBBBB
SSSSSSSSYYYYYYYYYFFFFFFFF
TTTTTTTTYYYYYYYYYFFFFFFFF
TTTTTTTTYYYYYYYYYFFFFFFFF
TTTTTTTTYYYYYYYYYFFFFFFFF
TTTTTTTTLLLLLLLLLLPPPPPPO
TTTTTTTTZZZZZZZZZZZZZJJJO
TTTTTTTTRRRRRMMMMMMMMJJJO
TTTTTTTTXXXXXXXXXXXQQJJJO
TTTTTTTTCCCCCCCCCCCQQUUUO
TTTTTTTTCCCCCCCCCCCQQUUUO
TTTTTTTTCCCCCCCCCCCQQUUUO
Case #54: 
ZZZZZZZZZZZZZZZZZZZZZZZZZ
NNNNNNNNNNNNNNNNNNNNNNNNN
JJJJJJJJJJJJJJJJJJJJJJJJJ
FFFFFFFFFFFFFFFFFFFFFFFFF
FFFFFFFFFFFFFFFFFFFFFFFFF
FFFFFFFFFFFFFFFFFFFFFFFFF
FFFFFFFFFFFFFFFFFFFFFFFFF
PPPPPPPPPPPPPPPPDDDDDDDDD
PPPPPPPPPPPPPPPPDDDDDDDDD
PPPPPPPPPPPPPPPPDDDDDDDDD
XXXXXXXXXXXXXXXXXXXXXYYYY
KKKKKKKKKKKKKKKKKKKKKYYYY
QQQQQQQQQQQQQQQQQQQQQQQBB
LLLLLLLLLLLLLLLLLLLLIIIBB
LLLLLLLLLLLLLLLLLLLLVVVBB
RRRRRRRRRRRRWWWWWWWWVVVBB
RRRRRRRRRRRRCCCCCCCCVVVBB
RRRRRRRRRRRRCCCCCCCCAAABB
RRRRRRRRRRRRCCCCCCCCAAAUU
OOOOOOOOOOOOCCCCCCCCAAAUU
OOOOOOOOOOOOCCCCCCCCAAAUU
OOOOOOOOOOOOEEEEEEEEAAAUU
OOOOOOOOOOOOEEEEEEEEAAAUU
MMMMMMMMMMMMMMMMSSSSAAAUU
TTTTGGGGGGGGGGHHSSSSAAAUU
Case #55: 
ABCDEFGHIJKLMNOPQRSTUVWXY
ABCDEFGHIJKLMNOPQRSTUVWXY
ABCDEFGHIJKLMNOPQRSTUVWXY
ABCDEFGHIJKLMNOPQRSTUVWXY
ABCDEFGHIJKLMNOPQRSTUVWXY
ABCDEFGHIJKLMNOPQRSTUVWXY
ABCDEFGHIJKLMNOPQRSTUVWXY
ABCDEFGHIJKLMNOPQRSTUVWXY
ABCDEFGHIJKLMNOPQRSTUVWXY
ABCDEFGHIJKLMNOPQRSTUVWXY
ABCDEFGHIJKLMNOPQRSTUVWXY
ABCDEFGHIJKLMNOPQRSTUVWXY
ABCDEFGHIJKLMNOPQRSTUVWXY
ABCDEFGHIJKLMNOPQRSTUVWXY
ABCDEFGHIJKLMNOPQRSTUVWXY
ABCDEFGHIJKLMNOPQRSTUVWXY
ABCDEFGHIJKLMNOPQRSTUVWXY
ABCDEFGHIJKLMNOPQRSTUVWXY
ABCDEFGHIJKLMNOPQRSTUVWXY
ABCDEFGHIJKLMNOPQRSTUVWXY
ABCDEFGHIJKLMNOPQRSTUVWXY
ABCDEFGHIJKLMNOPQRSTUVWXY
ABCDEFGHIJKLMNOPQRSTUVWXY
ABCDEFGHIJKLMNOPQRSTUVWXY
ABCDEFGHIJKLMNOPQRSTUVWXY
Case #56: 
AAAAAA
DCCCCC
BCCCCC
BCCCCC
BCCCCC
BCCCCC
Case #57: 
AAAAAAAABBBBBBBBBBBBBBBBB
AAAAAAAABBBBBBBBBBBBBBBBB
AAAAAAAABBBBBBBBBBBBBBBBB
AAAAAAAABBBBBBBBBBBBBBBBB
AAAAAAAABBBBBBBBBBBBBBBBB
AAAAAAAABBBBBBBBBBBBBBBBB
AAAAAAAABBBBBBBBBBBBBBBBB
AAAAAAAABBBBBBBBBBBBBBBBB
AAAAAAAABBBBBBBBBBBBBBBBB
CCCCCCCCBBBBBBBBBBBBBBBBB
CCCCCCCCDDDDDDDDDDDDDDDDD
EEEEEEEEDDDDDDDDDDDDDDDDD
EEEEEEEEDDDDDDDDDDDDDDDDD
EEEEEEEEDDDDDDDDDDDDDDDDD
EEEEEEEEDDDDDDDDDDDDDDDDD
EEEEEEEEDDDDDDDDDDDDDDDDD
EEEEEEEEDDDDDDDDDDDDDDDDD
EEEEEEEEDDDDDDDDDDDDDDDDD
EEEEEEEEDDDDDDDDDDDDDDDDD
EEEEEEEEDDDDDDDDDDDDDDDDD
EEEEEEEEDDDDDDDDDDDDDDDDD
EEEEEEEEDDDDDDDDDDDDDDDDD
EEEEEEEEDDDDDDDDDDDDDDDDD
EEEEEEEEDDDDDDDDDDDDDDDDD
EEEEEEEEDDDDDDDDDDDDDDDDD
Case #58: 
AAAAAAAAAAAAAAAAAAACCCCCC
AAAAAAAAAAAAAAAAAAACCCCCC
AAAAAAAAAAAAAAAAAAACCCCCC
AAAAAAAAAAAAAAAAAAACCCCCC
AAAAAAAAAAAAAAAAAAACCCCCC
AAAAAAAAAAAAAAAAAAACCCCCC
AAAAAAAAAAAAAAAAAAACCCCCC
AAAAAAAAAAAAAAAAAAACCCCCC
AAAAAAAAAAAAAAAAAAACCCCCC
AAAAAAAAAAAAAAAAAAACCCCCC
AAAAAAAAAAAAAAAAAAACCCCCC
AAAAAAAAAAAAAAAAAAACCCCCC
AAAAAAAAAAAAAAAAAAACCCCCC
AAAAAAAAAAAAAAAAAAACCCCCC
AAAAAAAAAAAAAAAAAAAEEEEEE
AAAAAAAAAAAAAAAAAAAEEEEEE
AAAAAAAAAAAAAAAAAAAEEEEEE
AAAAAAAAAAAAAAAAAAAEEEEEE
BBBBBBBBBBBBBBBBBBBBDDDDD
BBBBBBBBBBBBBBBBBBBBDDDDD
BBBBBBBBBBBBBBBBBBBBDDDDD
BBBBBBBBBBBBBBBBBBBBDDDDD
BBBBBBBBBBBBBBBBBBBBDDDDD
BBBBBBBBBBBBBBBBBBBBDDDDD
BBBBBBBBBBBBBBBBBBBBDDDDD
Case #59: 
AAAAACCCCCCCCCCCCCCCCCCCC
AAAAACCCCCCCCCCCCCCCCCCCC
AAAAACCCCCCCCCCCCCCCCCCCC
AAAAACCCCCCCCCCCCCCCCCCCC
AAAAACCCCCCCCCCCCCCCCCCCC
AAAAACCCCCCCCCCCCCCCCCCCC
AAAAACCCCCCCCCCCCCCCCCCCC
AAAAAEEEEEEEEEEEEEEEEEEEE
AAAAAEEEEEEEEEEEEEEEEEEEE
AAAAAEEEEEEEEEEEEEEEEEEEE
AAAAAEEEEEEEEEEEEEEEEEEEE
BBBBBBDDDDDDDDDDDDDDDDDDD
BBBBBBDDDDDDDDDDDDDDDDDDD
BBBBBBDDDDDDDDDDDDDDDDDDD
BBBBBBDDDDDDDDDDDDDDDDDDD
BBBBBBFFFFFFFFFFFFFFFFFGG
BBBBBBHHHHHHHHHHHHHHHHHGG
BBBBBBHHHHHHHHHHHHHHHHHII
BBBBBBJJJJJJJJJJJJJJJJJII
BBBBBBJJJJJJJJJJJJJJJJJII
BBBBBBJJJJJJJJJJJJJJJJJII
BBBBBBJJJJJJJJJJJJJJJJJII
BBBBBBJJJJJJJJJJJJJJJJJII
BBBBBBJJJJJJJJJJJJJJJJJII
BBBBBBJJJJJJJJJJJJJJJJJII
Case #60: 
DDDDDDDDDDDDDDDDDDDDDDDD
DDDDDDDDDDDDDDDDDDDDDDDD
GGXXXXXXXXXXXXXXXXXXXXXX
GGFFFFFFFFFFFFFFFFFFFFFF
GGAAAAAAAAAAAAAAAAAAAAAA
GGAAAAAAAAAAAAAAAAAAAAAA
GGOOOOOOOOOOOOOOOOOOOOCC
GGOOOOOOOOOOOOOOOOOOOOCC
WWWWWWKKKKKKLLLLLLQQQQCC
WWWWWWKKKKKKLLLLLLUUUUCC
HHHHHHKKKKKKLLLLLLBBBBCC
HHHHHHKKKKKKLLLLLLBBBBCC
HHHHHHKKKKKKMMMMMMBBBBCC
HHHHHHKKKKKKMMMMMMTTTTCC
HHHHHHVVVVVVMMMMMMTTTTCC
HHHHHHVVVVVVMMMMMMPPPPCC
HHHHHHVVVVVVIIIIIIPPPPCC
HHHHHHVVVVVVIIIIIIPPPPCC
HHHHHHVVVVVVRRRRRRPPPPCC
HHHHHHVVVVVVRRRRRRPPPPCC
YYYYYYVVVVVVRRRRRRJJJJCC
SSSSSSVVVVVVRRRRRRJJJJCC
SSSSSSVVVVVVRRRRRRJJJJCC
SSSSSSVVVVVVRRRRRRJJJJNN
EEEEEEVVVVVVRRRRRRJJJJNN
Case #61: 
AAAAAAAAAAAAAAAAAAAAAAAAA
BBBBBBBBBBBBBBBBBBBBBBBBB
CCCCCCCCCCCCCCCCCCCCCCCCC
DDDDDDDDDDDDDDDDDDDDDDDDD
EEEEEEEEEEEEEEEEEEEEEEEEE
FFFFFFFFFFFFFFFFFFFFFFFFF
GGGGGGGGGGGGGGGGGGGGGGGGG
HHHHHHHHHHHHHHHHHHHHHHHHH
IIIIIIIIIIIIIIIIIIIIIIIII
JJJJJJJJJJJJJJJJJJJJJJJJJ
KKKKKKKKKKKKKKKKKKKKKKKKK
LLLLLLLLLLLLLLLLLLLLLLLLL
MMMMMMMMMMMMMMMMMMMMMMMMM
NNNNNNNNNNNNNNNNNNNNNNNNN
OOOOOOOOOOOOOOOOOOOOOOOOO
PPPPPPPPPPPPPPPPPPPPPPPPP
QQQQQQQQQQQQQQQQQQQQQQQQQ
RRRRRRRRRRRRRRRRRRRRRRRRR
SSSSSSSSSSSSSSSSSSSSSSSSS
TTTTTTTTTTTTTTTTTTTTTTTTT
UUUUUUUUUUUUUUUUUUUUUUUUU
VVVVVVVVVVVVVVVVVVVVVVVVV
WWWWWWWWWWWWWWWWWWWWWWWWW
XXXXXXXXXXXXXXXXXXXXXXXXX
YYYYYYYYYYYYYYYYYYYYYYYYY
Case #62: 
HHHHHHHHHHHHHHHHHHHHEEEEE
NNNNNNNNNNNNNNNNNNNNEEEEE
NNNNNNNNNNNNNNNNNNNNEEEEE
DDDDDDDDDDYYYYYYYYYYYYYZZ
DDDDDDDDDDJJJJJJJJJJJJJZZ
DDDDDDDDDDJJJJJJJJJJJJJZZ
MMMMMMMMMMJJJJJJJJJJJJJZZ
MMMMMMMMMMJJJJJJJJJJJJJZZ
MMMMMMMMMMPPPPPPPPPPPPVZZ
MMMMMMMMMMFFFFFFFFFFFCVZZ
MMMMMMMMMMFFFFFFFFFFFCVZZ
MMMMMMMMMMFFFFFFFFFFFCVZZ
MMMMMMMMMMUUUUUUUUUUUCVZZ
MMMMMMMMMMSSSSSSSSSSSCVZZ
IIIIIIIIIISSSSSSSSSSSCVZZ
IIIIIIIIIIOOOOOOOOOOOCVZZ
QQQQQQQQQQOOOOOOOOOOOCRZZ
QQQQQQQQQQTTTTTTTTTTTCRZZ
QQQQQQQQQQKKKKKKKKKKKCRAA
QQQQQQQQQQGGGGGGGGGGGCRAA
XXXXXXXXXXXXXXXXLLLLLCRAA
XXXXXXXXXXXXXXXXLLLLLCRAA
XXXXXXXXXXXXXXXXWWWWWCRAA
XXXXXXXXXXXXXXXXWWWWWCRAA
XXXXXXXXXXXXXXXXWWWWWCRBB
Case #63: 
BD
AC
Case #64: 
AAAAAAAAACCCCCCCCCCCCCCCC
AAAAAAAAACCCCCCCCCCCCCCCC
AAAAAAAAAEEEEEEEEEEEEEEEE
AAAAAAAAAEEEEEEEEEEEEEEEE
AAAAAAAAAEEEEEEEEEEEEEEEE
AAAAAAAAAEEEEEEEEEEEEEEEE
BBBBBBBBBBDDDDDDDDDDDDDDD
BBBBBBBBBBDDDDDDDDDDDDDDD
BBBBBBBBBBDDDDDDDDDDDDDDD
BBBBBBBBBBDDDDDDDDDDDDDDD
BBBBBBBBBBDDDDDDDDDDDDDDD
BBBBBBBBBBDDDDDDDDDDDDDDD
BBBBBBBBBBDDDDDDDDDDDDDDD
BBBBBBBBBBDDDDDDDDDDDDDDD
BBBBBBBBBBDDDDDDDDDDDDDDD
BBBBBBBBBBDDDDDDDDDDDDDDD
BBBBBBBBBBDDDDDDDDDDDDDDD
BBBBBBBBBBDDDDDDDDDDDDDDD
BBBBBBBBBBDDDDDDDDDDDDDDD
BBBBBBBBBBDDDDDDDDDDDDDDD
BBBBBBBBBBFFFFFFFFFFGGGGG
BBBBBBBBBBHHHHHHHHHHGGGGG
BBBBBBBBBBHHHHHHHHHHIIIII
BBBBBBBBBBJJJJJJJJJJIIIII
BBBBBBBBBBJJJJJJJJJJIIIII
Case #65: 
AACCCCCCCCCCCCCCCCCCCCCCC
AACCCCCCCCCCCCCCCCCCCCCCC
AACCCCCCCCCCCCCCCCCCCCCCC
AACCCCCCCCCCCCCCCCCCCCCCC
AACCCCCCCCCCCCCCCCCCCCCCC
AACCCCCCCCCCCCCCCCCCCCCCC
AACCCCCCCCCCCCCCCCCCCCCCC
AACCCCCCCCCCCCCCCCCCCCCCC
AACCCCCCCCCCCCCCCCCCCCCCC
AACCCCCCCCCCCCCCCCCCCCCCC
AACCCCCCCCCCCCCCCCCCCCCCC
AACCCCCCCCCCCCCCCCCCCCCCC
AACCCCCCCCCCCCCCCCCCCCCCC
AACCCCCCCCCCCCCCCCCCCCCCC
AACCCCCCCCCCCCCCCCCCCCCCC
AACCCCCCCCCCCCCCCCCCCCCCC
AACCCCCCCCCCCCCCCCCCCCCCC
AACCCCCCCCCCCCCCCCCCCCCCC
AACCCCCCCCCCCCCCCCCCCCCCC
AACCCCCCCCCCCCCCCCCCCCCCC
AAEEEEEEEEEEEEEEEEEEEEEEE
AAEEEEEEEEEEEEEEEEEEEEEEE
AAEEEEEEEEEEEEEEEEEEEEEEE
AAEEEEEEEEEEEEEEEEEEEEEEE
BBBDDDDDDDDDDDDDDDDDDDDDD
Case #66: 
AAAAAAAAAAAAAACCCCCCCCCCC
AAAAAAAAAAAAAACCCCCCCCCCC
AAAAAAAAAAAAAACCCCCCCCCCC
AAAAAAAAAAAAAACCCCCCCCCCC
AAAAAAAAAAAAAAEEEEEEEEEEE
AAAAAAAAAAAAAAEEEEEEEEEEE
AAAAAAAAAAAAAAEEEEEEEEEEE
AAAAAAAAAAAAAAEEEEEEEEEEE
BBBBBBBBBBBBBBBDDDDDDDDDD
BBBBBBBBBBBBBBBDDDDDDDDDD
BBBBBBBBBBBBBBBDDDDDDDDDD
BBBBBBBBBBBBBBBDDDDDDDDDD
BBBBBBBBBBBBBBBDDDDDDDDDD
BBBBBBBBBBBBBBBDDDDDDDDDD
BBBBBBBBBBBBBBBDDDDDDDDDD
BBBBBBBBBBBBBBBDDDDDDDDDD
BBBBBBBBBBBBBBBDDDDDDDDDD
BBBBBBBBBBBBBBBDDDDDDDDDD
BBBBBBBBBBBBBBBDDDDDDDDDD
BBBBBBBBBBBBBBBDDDDDDDDDD
BBBBBBBBBBBBBBBDDDDDDDDDD
BBBBBBBBBBBBBBBDDDDDDDDDD
BBBBBBBBBBBBBBBDDDDDDDDDD
BBBBBBBBBBBBBBBDDDDDDDDDD
BBBBBBBBBBBBBBBDDDDDDDDDD
Case #67: 
BA
BA
Case #68: 
NNNNNNNNNNNNNNNNNNNNNNNNN
NNNNNNNNNNNNNNNNNNNNNNNNN
NNNNNNNNNNNNNNNNNNNNNNNNN
NNNNNNNNNNNNNNNNNNNNNNNNN
NNNNNNNNNNNNNNNNNNNNNNNNN
NNNNNNNNNNNNNNNNNNNNNNNNN
NNNNNNNNNNNNNNNNNNNNNNNNN
NNNNNNNNNNNNNNNNNNNNNNNNN
NNNNNNNNNNNNNNNNNNNNNNNNN
NNNNNNNNNNNNNNNNNNNNNNNNN
NNNNNNNNNNNNNNNNNNNNNNNNN
NNNNNNNNNNNNNNNNNNNNNNNNN
NNNNNNNNNNNNNNNNNNNNNNNNN
NNNNNNNNNNNNNNNNNNNNNNNNN
NNNNNNNNNNNNNNNNNNNNNNNNN
YYYYYYYYYYYYYYYYYYYYYYYYY
HHHHHHHHHHHHTTTTTTTTTTTTT
KKKKKKKKKUUUTTTTTTTTTTTTT
JJJJJJJJJJJWTTTTTTTTTTTTT
PPPPPPPPPPPWGGGGGIIIIIIII
AAAAAAAACCCWDDDDDIIIIIIII
AAAAAAAAMMMZDDDDDIIIIIIII
AAAAAAAAMMMZVVVOOIIIIIIII
BBBBBBBBMMMRRQQQEIIIIIIII
BBBBBBBBFSSLLQQQXIIIIIIII
Case #69: 
YYYYYYYYYYYYYNNNNNNNNNNNN
YYYYYYYYYYYYYNNNNNNNNNNNN
YYYYYYYYYYYYYGGGGGGGGGGGG
YYYYYYYYYYYYYGGGGGGGGGGGG
YYYYYYYYYYYYYGGGGGGGGGGGG
BBBBBBBBBBVVVGGGGGGGGGGGG
BBBBBBBBBBVVVGGGGGGGGGGGG
BBBBBBBBBBVVVEEEEEEEEEEEE
BBBBBBBBBBVVVSSSSSSSSSSSS
HHHHHHHHZZVVVQQQQTTTTTTTT
HHHHHHHHZZVVVQQQQTTTTTTTT
IIIIIIIIIWVVVQQQQTTTTTTTT
UUUUUUUUUWVVVQQQQTTTTTTTT
CCCCCCCCCWVVVQQQQTTTTTTTT
CCCCCCCCCWVVVQQQQMMMMMMMM
CCCCCCCCCWVVVQQQQMMMMMMMM
CCCCCCCCCWVVVQQQQMMMMMMMM
CCCCCCCCCWVVVQQQQMMMMMMMM
CCCCCCCCCWVVVOOOOMMMMMMMM
CCCCCCCCCWAAAOOOOMMMMMMMM
CCCCCCCCCWAAAOOOOMMMMMMMM
CCCCCCCCCPAAADDDDDDDDDLLL
JJJJJJJJJPAAADDDDDDDDDLLL
JJJJJJJJJPAAADDDDDDDDDKKK
XXXXXXXXXPAAARRRRFFFFFKKK
Case #70: 
AAAAABBBBBBBBBBBBBBBBBBBB
CCCCCBBBBBBBBBBBBBBBBBBBB
CCCCCDDDDDDDDDDDDDDDDDDDD
EEEEEDDDDDDDDDDDDDDDDDDDD
EEEEEDDDDDDDDDDDDDDDDDDDD
EEEEEDDDDDDDDDDDDDDDDDDDD
EEEEEDDDDDDDDDDDDDDDDDDDD
EEEEEDDDDDDDDDDDDDDDDDDDD
EEEEEDDDDDDDDDDDDDDDDDDDD
EEEEEDDDDDDDDDDDDDDDDDDDD
EEEEEDDDDDDDDDDDDDDDDDDDD
EEEEEDDDDDDDDDDDDDDDDDDDD
EEEEEDDDDDDDDDDDDDDDDDDDD
EEEEEDDDDDDDDDDDDDDDDDDDD
EEEEEDDDDDDDDDDDDDDDDDDDD
EEEEEDDDDDDDDDDDDDDDDDDDD
EEEEEDDDDDDDDDDDDDDDDDDDD
EEEEEDDDDDDDDDDDDDDDDDDDD
EEEEEDDDDDDDDDDDDDDDDDDDD
EEEEEFFFFFFFFFFFFHHHHHHHH
EEEEEFFFFFFFFFFFFJJJJJJJJ
EEEEEFFFFFFFFFFFFJJJJJJJJ
EEEEEFFFFFFFFFFFFJJJJJJJJ
EEEEEFFFFFFFFFFFFJJJJJJJJ
EEEEEGGGGGGGGGGGGGIIIIIII
Case #71: 
CAD
CBE
CBE
CBE
Case #72: 
CC
BA
Case #73: 
GGGGG
CCFHD
CCFBD
CCEBI
AAEBI
Case #74: 
AAAAAAAABBBBBBBBBBBBBBBBB
AAAAAAAABBBBBBBBBBBBBBBBB
AAAAAAAABBBBBBBBBBBBBBBBB
AAAAAAAABBBBBBBBBBBBBBBBB
AAAAAAAABBBBBBBBBBBBBBBBB
AAAAAAAABBBBBBBBBBBBBBBBB
AAAAAAAABBBBBBBBBBBBBBBBB
CCCCCCCCBBBBBBBBBBBBBBBBB
CCCCCCCCDDDDDDDDDDDDDDDDD
EEEEEEEEDDDDDDDDDDDDDDDDD
EEEEEEEEDDDDDDDDDDDDDDDDD
EEEEEEEEDDDDDDDDDDDDDDDDD
EEEEEEEEDDDDDDDDDDDDDDDDD
EEEEEEEEDDDDDDDDDDDDDDDDD
EEEEEEEEDDDDDDDDDDDDDDDDD
EEEEEEEEDDDDDDDDDDDDDDDDD
EEEEEEEEDDDDDDDDDDDDDDDDD
EEEEEEEEFFFFFFFFFFHHHHHHH
EEEEEEEEFFFFFFFFFFJJJJJJJ
EEEEEEEEFFFFFFFFFFJJJJJJJ
EEEEEEEEFFFFFFFFFFJJJJJJJ
EEEEEEEEFFFFFFFFFFJJJJJJJ
EEEEEEEEGGGGGGGGGGGIIIIII
EEEEEEEEGGGGGGGGGGGIIIIII
EEEEEEEEGGGGGGGGGGGIIIIII
Case #75: 
AAAAAAAAAAAAAAABBBBBBBBBB
AAAAAAAAAAAAAAABBBBBBBBBB
AAAAAAAAAAAAAAABBBBBBBBBB
AAAAAAAAAAAAAAABBBBBBBBBB
AAAAAAAAAAAAAAABBBBBBBBBB
AAAAAAAAAAAAAAABBBBBBBBBB
AAAAAAAAAAAAAAABBBBBBBBBB
AAAAAAAAAAAAAAABBBBBBBBBB
AAAAAAAAAAAAAAABBBBBBBBBB
AAAAAAAAAAAAAAABBBBBBBBBB
AAAAAAAAAAAAAAABBBBBBBBBB
AAAAAAAAAAAAAAABBBBBBBBBB
AAAAAAAAAAAAAAABBBBBBBBBB
AAAAAAAAAAAAAAABBBBBBBBBB
AAAAAAAAAAAAAAABBBBBBBBBB
AAAAAAAAAAAAAAABBBBBBBBBB
AAAAAAAAAAAAAAABBBBBBBBBB
AAAAAAAAAAAAAAABBBBBBBBBB
AAAAAAAAAAAAAAABBBBBBBBBB
AAAAAAAAAAAAAAABBBBBBBBBB
AAAAAAAAAAAAAAABBBBBBBBBB
AAAAAAAAAAAAAAABBBBBBBBBB
CCCCCCCCCCCCCCCBBBBBBBBBB
CCCCCCCCCCCCCCCDDDDDDDDDD
EEEEEEEEEEEEEEEDDDDDDDDDD
Case #76: 
BBBBBBBBBBBBBBBBBBBBBBBBB
BBBBBBBBBBBBBBBBBBBBBBBBB
BBBBBBBBBBBBBBBBBBBBBBBBB
BBBBBBBBBBBBBBBBBBBBBBBBB
BBBBBBBBBBBBBBBBBBBBBBBBB
BBBBBBBBBBBBBBBBBBBBBBBBB
BBBBBBBBBBBBBBBBBBBBBBBBB
BBBBBBBBBBBBBBBBBBBBBBBBB
BBBBBBBBBBBBBBBBBBBBBBBBB
BBBBBBBBBBBBBBBBBBBBBBBBB
BBBBBBBBBBBBBBBBBBBBBBBBB
BBBBBBBBBBBBBBBBBBBBBBBBB
BBBBBBBBBBBBBBBBBBBBBBBBB
BBBBBBBBBBBBBBBBBBBBBBBBB
BBBBBBBBBBBBBBBBBBBBBBBBB
SSSSSSSSSSSSSSSSSSSSSSSSS
DDPHHHHHHHHHHHHHHHHHHHHHH
ZZIUQOJJJJJJJJJJJJJJJJJJJ
ZZIUQAEYYYYYYYYYYYYYYYYYY
MMGVQAEXXXXXXXXXXXXXXXXXX
TTGVQCWXXXXXXXXXXXXXXXXXX
NFGVQCRXXXXXXXXXXXXXXXXXX
NKGVQLRXXXXXXXXXXXXXXXXXX
NKGVQLRXXXXXXXXXXXXXXXXXX
NKGVQLRXXXXXXXXXXXXXXXXXX
Case #77: 
JJJJJJJRRRRRRRRRRRRRRRRRR
JJJJJJJRRRRRRRRRRRRRRRRRR
JJJJJJJRRRRRRRRRRRRRRRRRR
JJJJJJJRRRRRRRRRRRRRRRRRR
JJJJJJJRRRRRRRRRRRRRRRRRR
JJJJJJJRRRRRRRRRRRRRRRRRR
JJJJJJJRRRRRRRRRRRRRRRRRR
JJJJJJJRRRRRRRRRRRRRRRRRR
KKKKKKKHHHHHHHHHHHHHHHHHH
AAAAAADHHHHHHHHHHHHHHHHHH
TTTTTTDHHHHHHHHHHHHHHHHHH
MMMMMMDQQQQQQQQQQQQQQQQQQ
YYYEEWDOOLLLLLLLLLLLLLLLL
NNNGGSDOOFFFFFFFFFFFFFFFF
NNNVVSDIIFFFFFFFFFFFFFFFF
BBBVVSPIICCCCCCCCCCCCCCCC
BBBVVSXIICCCCCCCCCCCCCCCC
BBBVVSXIICCCCCCCCCCCCCCCC
BBBVVSXIIUUUUUUUUUUUUUUUU
BBBVVSZIIUUUUUUUUUUUUUUUU
BBBVVSZIIUUUUUUUUUUUUUUUU
BBBVVSZIIUUUUUUUUUUUUUUUU
BBBVVSZIIUUUUUUUUUUUUUUUU
BBBVVSZIIUUUUUUUUUUUUUUUU
BBBVVSZIIUUUUUUUUUUUUUUUU
Case #78: 
EEEESDDDDDDDDDDDDDDDDDDDD
EEEESDDDDDDDDDDDDDDDDDDDD
EEEESDDDDDDDDDDDDDDDDDDDD
EEEESDDDDDDDDDDDDDDDDDDDD
EEEESDDDDDDDDDDDDDDDDDDDD
EEEESDDDDDDDDDDDDDDDDDDDD
EEEESDDDDDDDDDDDDDDDDDDDD
EEEESDDDDDDDDDDDDDDDDDDDD
EEEESDDDDDDDDDDDDDDDDDDDD
EEEESDDDDDDDDDDDDDDDDDDDD
EEEESDDDDDDDDDDDDDDDDDDDD
EEEESDDDDDDDDDDDDDDDDDDDD
EEEESDDDDDDDDDDDDDDDDDDDD
EEEESDDDDDDDDDDDDDDDDDDDD
EEEESDDDDDDDDDDDDDDDDDDDD
EEEESDDDDDDDDDDDDDDDDDDDD
YYYYSKKKKFFFFFFFFFFFFFFFF
YYYYSKKKKFFFFFFFFFFFFFFFF
YYYYSJJJRRPPPPPPPPPPPPPPP
UUUUSJJJRRPPPPPPPPPPPPPPP
UUUUWWOORRQQQQQQQQQQQQQQQ
TTTTWWIIRRCCMMMMMMMMMMMMM
BBBNWWIIRRCCMMMMMMMMMMMMM
HHHNVXAARRCCMMMMMMMMMMMMM
HHHNVZAALLCCGGGGGGGGGGGGG
Case #79: 
ABCDEFGHIJKLMNOPQRSTUVWXY
ABCDEFGHIJKLMNOPQRSTUVWXY
ABCDEFGHIJKLMNOPQRSTUVWXY
ABCDEFGHIJKLMNOPQRSTUVWXY
ABCDEFGHIJKLMNOPQRSTUVWXY
ABCDEFGHIJKLMNOPQRSTUVWXY
ABCDEFGHIJKLMNOPQRSTUVWXY
ABCDEFGHIJKLMNOPQRSTUVWXY
ABCDEFGHIJKLMNOPQRSTUVWXY
ABCDEFGHIJKLMNOPQRSTUVWXY
ABCDEFGHIJKLMNOPQRSTUVWXY
ABCDEFGHIJKLMNOPQRSTUVWXY
ABCDEFGHIJKLMNOPQRSTUVWXY
ABCDEFGHIJKLMNOPQRSTUVWXY
ABCDEFGHIJKLMNOPQRSTUVWXY
ABCDEFGHIJKLMNOPQRSTUVWXY
ABCDEFGHIJKLMNOPQRSTUVWXY
ABCDEFGHIJKLMNOPQRSTUVWXY
ABCDEFGHIJKLMNOPQRSTUVWXY
ABCDEFGHIJKLMNOPQRSTUVWXY
ABCDEFGHIJKLMNOPQRSTUVWXY
ABCDEFGHIJKLMNOPQRSTUVWXY
ABCDEFGHIJKLMNOPQRSTUVWXY
ABCDEFGHIJKLMNOPQRSTUVWXY
ABCDEFGHIJKLMNOPQRSTUVWXY
Case #80: 
SSSSSSSSSSSSSSSSSSSSSSSSS
SSSSSSSSSSSSSSSSSSSSSSSSS
VVVVVVVVVVVVVVVVVVVVVVVVV
VVVVVVVVVVVVVVVVVVVVVVVVV
GGGGGGGGGGGGGGGGGGGKKKKKK
BBBBBBBBBBBBBBUUUUUUUUUUM
BBBBBBBBBBBBBBUUUUUUUUUUE
WWWWWWLLLLAAOOUUUUUUUUUUE
WWWWWWLLLLAAOOUUUUUUUUUUE
TTTTTTZZZZAAOOIIIIIIIIIIE
TTTTTTZZZZAAOOIIIIIIIIIIE
TTTTTTZZZZAANNNNNNNDDDDDE
TTTTTTZZZZAANNNNNNNDDDDDE
FFFFFYZZZZAANNNNNNNDDDDDE
FFFFFYZZZZAANNNNNNNDDDDDE
FFFFFYHHHHAANNNNNNNDDDDDE
FFFFFYHHHHAANNNNNNNPPPPPE
FFFFFYHHHHAANNNNNNNPPPPPE
RRRRRYHHHHAAXXXXXXXPPPPPE
RRRRRYHHHHAAXXXXXXXCCCCCE
RRRRRYHHHHAAQQQQQQQCCCCCE
RRRRRYHHHHAAQQQQQQQCCCCCE
RRRRRYJJJJAAQQQQQQQCCCCCE
RRRRRYJJJJAAQQQQQQQCCCCCE
RRRRRYJJJJAAQQQQQQQCCCCCE
Case #81: 
A
A
Case #82: 
AAAAAAABBBBBBBBBBBBBBBBBB
CCCCCCCBBBBBBBBBBBBBBBBBB
CCCCCCCDDDDDDDDDDDDDDDDDD
EEEEEEEDDDDDDDDDDDDDDDDDD
EEEEEEEDDDDDDDDDDDDDDDDDD
EEEEEEEDDDDDDDDDDDDDDDDDD
EEEEEEEDDDDDDDDDDDDDDDDDD
EEEEEEEDDDDDDDDDDDDDDDDDD
EEEEEEEDDDDDDDDDDDDDDDDDD
EEEEEEEDDDDDDDDDDDDDDDDDD
EEEEEEEDDDDDDDDDDDDDDDDDD
EEEEEEEDDDDDDDDDDDDDDDDDD
EEEEEEEDDDDDDDDDDDDDDDDDD
EEEEEEEDDDDDDDDDDDDDDDDDD
EEEEEEEFFFFFFHHHHHHHHHHHH
EEEEEEEFFFFFFJJJJJJJJJJJJ
EEEEEEEFFFFFFJJJJJJJJJJJJ
EEEEEEEFFFFFFJJJJJJJJJJJJ
EEEEEEEFFFFFFJJJJJJJJJJJJ
EEEEEEEGGGGGGGIIIIIIIIIII
EEEEEEEGGGGGGGIIIIIIIIIII
EEEEEEEGGGGGGGIIIIIIIIIII
EEEEEEEGGGGGGGIIIIIIIIIII
EEEEEEEGGGGGGGIIIIIIIIIII
EEEEEEEGGGGGGGIIIIIIIIIII
Case #83: 
AA
Case #84: 
TT
JA
JF
JF
LY
LG
LG
LC
LC
LC
WQ
BQ
BZ
BZ
OX
SX
IX
MX
KX
KV
UE
PR
PD
PD
HN
Case #85: 
FFFFFFFFFFFFFFFFFFFFFFFFF
FFFFFFFFFFFFFFFFFFFFFFFFF
FFFFFFFFFFFFFFFFFFFFFFFFF
FFFFFFFFFFFFFFFFFFFFFFFFF
FFFFFFFFFFFFFFFFFFFFFFFFF
FFFFFFFFFFFFFFFFFFFFFFFFF
FFFFFFFFFFFFFFFFFFFFFFFFF
FFFFFFFFFFFFFFFFFFFFFFFFF
FFFFFFFFFFFFFFFFFFFFFFFFF
FFFFFFFFFFFFFFFFFFFFFFFFF
FFFFFFFFFFFFFFFFFFFFFFFFF
FFFFFFFFFFFFFFFFFFFFFFFFF
FFFFFFFFFFFFFFFFFFFFFFFFF
AAAAAAWWWWWWWWWWWWWWWWWWW
UUUUUUWWWWWWWWWWWWWWWWWWW
UUUUUUWWWWWWWWWWWWWWWWWWW
CCCCCCWWWWWWWWWWWWWWWWWWW
ZZZZZZZZZZKSSSSSSSSSSSSSS
OOOOOOOOOOKMMMMMMMMMMMMMM
LLLLLLLLLLKTTTTTTTTTTTTTT
QQQQQQQQJJBBBDDDDDDDDDDDD
PPPPPPPPJJBBBIIIIIIIIIIII
HHHHHHXXYYVVVVNNNNNNNNNNN
RRRRRRXXYYEEEENNNNNNNNNNN
GGGGGGXXYYEEEENNNNNNNNNNN
Case #86: 
PPPPPPPPPPPPPPPPPPPPPPPPP
PPPPPPPPPPPPPPPPPPPPPPPPP
PPPPPPPPPPPPPPPPPPPPPPPPP
PPPPPPPPPPPPPPPPPPPPPPPPP
XXXXXXXXXXXXXXXXXXXXXXXXX
WWWWWWWWWWWWWWWWWWWWWWWWW
LLLLLLLLLLLLLLLLLLLLLLLLB
HHHHHHHHHHHHHHHHHHHHHHHHB
TTTTTTTTTTTTTTTTTTTTTTTTB
OOOOOOOOOOOOOOOOOOVVVVVVB
OOOOOOOOOOOOOOOOOOVVVVVVB
OOOOOOOOOOOOOOOOOOFFFFFFB
QQQQQQQQQQQQQQQQQQFFFFFFB
DDDDDDDDDDDDDDDDDDFFFFFFB
DDDDDDDDDDDDDDDDDDFFFFFFB
DDDDDDDDDDDDDDDDDDFFFFFFB
JJJJJJJJJJJJJJJJJJFFFFFFB
SSSSSSSSUUUUUUUUUZFFFFFFB
SSSSSSSSUUUUUUUUUZFFFFFFB
SSSSSSSSYYYYYYYYYZNNNNNNB
SSSSSSSSAAAAAAAAAZNNNNNNB
SSSSSSSSAAAAAAAAAZRRRRRRB
MCCCCCCCCCCCCCCEEZKKKKKKB
MIIIIIIIIIIIIIIEEGKKKKKKB
MIIIIIIIIIIIIIIEEGKKKKKKB
Case #87: 
AAAAAAABBBBBBBBBBBBBBBBBB
AAAAAAABBBBBBBBBBBBBBBBBB
AAAAAAABBBBBBBBBBBBBBBBBB
CCCCCCCBBBBBBBBBBBBBBBBBB
CCCCCCCDDDDDDDDDDDDDDDDDD
EEEEEEEDDDDDDDDDDDDDDDDDD
EEEEEEEDDDDDDDDDDDDDDDDDD
EEEEEEEDDDDDDDDDDDDDDDDDD
EEEEEEEDDDDDDDDDDDDDDDDDD
EEEEEEEDDDDDDDDDDDDDDDDDD
EEEEEEEDDDDDDDDDDDDDDDDDD
EEEEEEEDDDDDDDDDDDDDDDDDD
EEEEEEEDDDDDDDDDDDDDDDDDD
EEEEEEEDDDDDDDDDDDDDDDDDD
EEEEEEEFFFFFFFFHHHHHHHHHH
EEEEEEEFFFFFFFFJJJJJJJJJJ
EEEEEEEFFFFFFFFJJJJJJJJJJ
EEEEEEEFFFFFFFFJJJJJJJJJJ
EEEEEEEFFFFFFFFJJJJJJJJJJ
EEEEEEEGGGGGGGGGIIIIIIIII
EEEEEEEGGGGGGGGGIIIIIIIII
EEEEEEEGGGGGGGGGIIIIIIIII
EEEEEEEGGGGGGGGGIIIIIIIII
EEEEEEEGGGGGGGGGIIIIIIIII
EEEEEEEGGGGGGGGGIIIIIIIII
Case #88: 
QQQQQQQQQQQQQQQZZZZZZZZZZ
QQQQQQQQQQQQQQQZZZZZZZZZZ
QQQQQQQQQQQQQQQZZZZZZZZZZ
QQQQQQQQQQQQQQQZZZZZZZZZZ
QQQQQQQQQQQQQQQZZZZZZZZZZ
QQQQQQQQQQQQQQQZZZZZZZZZZ
QQQQQQQQQQQQQQQZZZZZZZZZZ
QQQQQQQQQQQQQQQZZZZZZZZZZ
QQQQQQQQQQQQQQQZZZZZZZZZZ
QQQQQQQQQQQQQQQZZZZZZZZZZ
QQQQQQQQQQQQQQQZZZZZZZZZZ
QQQQQQQQQQQQQQQZZZZZZZZZZ
QQQQQQQQQQQQQQQZZZZZZZZZZ
QQQQQQQQQQQQQQQZZZZZZZZZZ
QQQQQQQQQQQQQQQZZZZZZZZZZ
QQQQQQQQQQQQQQQZZZZZZZZZZ
QQQQQQQQQQQQQQQZZZZZZZZZZ
QQQQQQQQQQQQQQQZZZZZZZZZZ
PPPPPPPPPPPPPPPHNNNNNNNNN
CCCCCCCCCCCCCCGHBLLLLLLLL
KKKKKKKKKKKKTYFHBWWMMMMMM
KKKKKKKKKKKKJYXHADDMMMMMM
KKKKKKKKKKKKJYOHUEEMMMMMM
KKKKKKKKKKKKJYSHUEEMMMMMM
KKKKKKKKKKKKJIVRUEEMMMMMM
Case #89: 
XXXXXXXXXXXXXXXXXXXXXXXXX
XXXXXXXXXXXXXXXXXXXXXXXXX
XXXXXXXXXXXXXXXXXXXXXXXXX
XXXXXXXXXXXXXXXXXXXXXXXXX
VVVVVVVVVVVVVVVQQQQQQQQQQ
TTTTTTTTTTTTTUUNNNWWWWWWW
IIIIIIIIIIIIIKKKRAJJJJJJJ
EEEEEEEEEEEEEEYLZAJJJJJJJ
DDDDDDDDDDDDDFSCHAJJJJJJJ
DDDDDDDDDDDDDFMGHAJJJJJJJ
DDDDDDDDDDDDDFOBHAJJJJJJJ
DDDDDDDDDDDDDFPBHAJJJJJJJ
DDDDDDDDDDDDDFPBHAJJJJJJJ
DDDDDDDDDDDDDFPBHAJJJJJJJ
DDDDDDDDDDDDDFPBHAJJJJJJJ
DDDDDDDDDDDDDFPBHAJJJJJJJ
DDDDDDDDDDDDDFPBHAJJJJJJJ
DDDDDDDDDDDDDFPBHAJJJJJJJ
DDDDDDDDDDDDDFPBHAJJJJJJJ
DDDDDDDDDDDDDFPBHAJJJJJJJ
DDDDDDDDDDDDDFPBHAJJJJJJJ
DDDDDDDDDDDDDFPBHAJJJJJJJ
DDDDDDDDDDDDDFPBHAJJJJJJJ
DDDDDDDDDDDDDFPBHAJJJJJJJ
DDDDDDDDDDDDDFPBHAJJJJJJJ
Case #90: 
ZZZZZZZZZZZZZZHVVVUUUUUUU
NNNNNNNNNNKKKKHRRRUUUUUUU
IIIIIIIIIICBWEHXXXXPPPPPP
IIIIIIIIIICQLESSOGGPPPPPP
IIIIIIIIIICQJMTTYGGPPPPPP
IIIIIIIIIICQJAAFYGGPPPPPP
IIIIIIIIIICQJDDFYGGPPPPPP
IIIIIIIIIICQJDDFYGGPPPPPP
IIIIIIIIIICQJDDFYGGPPPPPP
IIIIIIIIIICQJDDFYGGPPPPPP
IIIIIIIIIICQJDDFYGGPPPPPP
IIIIIIIIIICQJDDFYGGPPPPPP
IIIIIIIIIICQJDDFYGGPPPPPP
IIIIIIIIIICQJDDFYGGPPPPPP
IIIIIIIIIICQJDDFYGGPPPPPP
IIIIIIIIIICQJDDFYGGPPPPPP
IIIIIIIIIICQJDDFYGGPPPPPP
IIIIIIIIIICQJDDFYGGPPPPPP
IIIIIIIIIICQJDDFYGGPPPPPP
IIIIIIIIIICQJDDFYGGPPPPPP
IIIIIIIIIICQJDDFYGGPPPPPP
IIIIIIIIIICQJDDFYGGPPPPPP
IIIIIIIIIICQJDDFYGGPPPPPP
IIIIIIIIIICQJDDFYGGPPPPPP
IIIIIIIIIICQJDDFYGGPPPPPP
Case #91: 
AAAAABBBBBBBBBBBBBBBBBBBB
AAAAABBBBBBBBBBBBBBBBBBBB
AAAAABBBBBBBBBBBBBBBBBBBB
AAAAABBBBBBBBBBBBBBBBBBBB
AAAAABBBBBBBBBBBBBBBBBBBB
AAAAABBBBBBBBBBBBBBBBBBBB
CCCCCBBBBBBBBBBBBBBBBBBBB
CCCCCDDDDDDDDDDDDDDDDDDDD
EEEEEDDDDDDDDDDDDDDDDDDDD
EEEEEDDDDDDDDDDDDDDDDDDDD
EEEEEDDDDDDDDDDDDDDDDDDDD
EEEEEDDDDDDDDDDDDDDDDDDDD
EEEEEFFFFFFFFFFFFFFHHHHHH
EEEEEFFFFFFFFFFFFFFJJJJJJ
EEEEEFFFFFFFFFFFFFFJJJJJJ
EEEEEFFFFFFFFFFFFFFJJJJJJ
EEEEEFFFFFFFFFFFFFFJJJJJJ
EEEEEGGGGGGGGGGGGGGGIIIII
EEEEEGGGGGGGGGGGGGGGIIIII
EEEEEGGGGGGGGGGGGGGGIIIII
EEEEEGGGGGGGGGGGGGGGIIIII
EEEEEGGGGGGGGGGGGGGGIIIII
EEEEEGGGGGGGGGGGGGGGIIIII
EEEEEGGGGGGGGGGGGGGGIIIII
EEEEEGGGGGGGGGGGGGGGIIIII
Case #92: 
AAAAAAAAAAAAAAAAAAAABBBBB
AAAAAAAAAAAAAAAAAAAABBBBB
AAAAAAAAAAAAAAAAAAAABBBBB
AAAAAAAAAAAAAAAAAAAABBBBB
AAAAAAAAAAAAAAAAAAAABBBBB
AAAAAAAAAAAAAAAAAAAABBBBB
AAAAAAAAAAAAAAAAAAAABBBBB
AAAAAAAAAAAAAAAAAAAABBBBB
AAAAAAAAAAAAAAAAAAAABBBBB
AAAAAAAAAAAAAAAAAAAABBBBB
AAAAAAAAAAAAAAAAAAAABBBBB
AAAAAAAAAAAAAAAAAAAABBBBB
AAAAAAAAAAAAAAAAAAAABBBBB
AAAAAAAAAAAAAAAAAAAABBBBB
AAAAAAAAAAAAAAAAAAAABBBBB
AAAAAAAAAAAAAAAAAAAABBBBB
AAAAAAAAAAAAAAAAAAAABBBBB
AAAAAAAAAAAAAAAAAAAABBBBB
CCCCCCCCCCCCCCCCCCCCBBBBB
CCCCCCCCCCCCCCCCCCCCDDDDD
EEEEEEEEEEEEEEEEEEEEDDDDD
EEEEEEEEEEEEEEEEEEEEDDDDD
EEEEEEEEEEEEEEEEEEEEDDDDD
EEEEEEEEEEEEEEEEEEEEDDDDD
EEEEEEEEEEEEEEEEEEEEDDDDD
Case #93: 
ABCDEFGHIJKLMNOPQRSTUVWXY
ABCDEFGHIJKLMNOPQRSTUVWXY
ABCDEFGHIJKLMNOPQRSTUVWXY
ABCDEFGHIJKLMNOPQRSTUVWXY
ABCDEFGHIJKLMNOPQRSTUVWXY
ABCDEFGHIJKLMNOPQRSTUVWXY
ABCDEFGHIJKLMNOPQRSTUVWXY
ABCDEFGHIJKLMNOPQRSTUVWXY
ABCDEFGHIJKLMNOPQRSTUVWXY
ABCDEFGHIJKLMNOPQRSTUVWXY
ABCDEFGHIJKLMNOPQRSTUVWXY
ABCDEFGHIJKLMNOPQRSTUVWXY
ABCDEFGHIJKLMNOPQRSTUVWXY
ABCDEFGHIJKLMNOPQRSTUVWXY
ABCDEFGHIJKLMNOPQRSTUVWXY
ABCDEFGHIJKLMNOPQRSTUVWXY
ABCDEFGHIJKLMNOPQRSTUVWXY
ABCDEFGHIJKLMNOPQRSTUVWXY
ABCDEFGHIJKLMNOPQRSTUVWXY
ABCDEFGHIJKLMNOPQRSTUVWXY
ABCDEFGHIJKLMNOPQRSTUVWXY
ABCDEFGHIJKLMNOPQRSTUVWXY
ABCDEFGHIJKLMNOPQRSTUVWXY
ABCDEFGHIJKLMNOPQRSTUVWXY
ABCDEFGHIJKLMNOPQRSTUVWXY
Case #94: 
BBBBBBBBBBBBBBBBBBBBBBBBG
EEEEEEEEEEEEEEEEEEEEEHHHG
VVVVVVVVVVVVVVWWWWWWWHHHG
VVVVVVVVVVVVVVWWWWWWWHHHG
VVVVVVVVVVVVVVPPPPPPPHHHG
VVVVVVVVVVVVVVPPPPPPPHHHC
QQQQQQQQQQQQQQPPPPPPPDDDC
FFFFFFFFFFFFFFPPPPPPPDDDC
FFFFFFFFFFFFFFPPPPPPPDDDC
ZZZZZZZZZZZZZITTTTTTTDDDC
ZZZZZZZZZZZZZITTTTTTTDDDC
KKKKKKKKKKKKKITTTTTTTDDDC
KKKKKKKKKKKKKIXXXXXXXDDDC
JJJJJJJJJJJJJILLLLLLLDDDC
JJJJJJJJJJJJJILLLLLLLDDDC
JJJJJJJJJJJJJILLLLLLLMMMC
JJJJJJJJJJJJJISSSSSSSMMMC
JJJJJJJJJJJJJISSSSSSSMMMC
JJJJJJJJJJJJJISSSSSSSMMMC
JJJJJJJJJJJJJINNNNNNNMMMC
JJJJJJJJJJJJJINNNNNNNMMMC
UUUUUUUUYYRRRINNNNNNNMMMC
UUUUUUUUYYRRRINNNNNNNMMMC
UUUUUUUUYYRRRINNNNNNNMMMC
UUUUUUUUYYRRRIAAAOOOOMMMC
Case #95: 
AAAAAAAAAAAAAAAAAAAAAAAAA
BBBBBBBBBBBBBBBBBBBBBBBBB
CCCCCCCCCCCCCCCCCCCCCCCCC
DDDDDDDDDDDDDDDDDDDDDDDDD
EEEEEEEEEEEEEEEEEEEEEEEEE
FFFFFFFFFFFFFFFFFFFFFFFFF
GGGGGGGGGGGGGGGGGGGGGGGGG
HHHHHHHHHHHHHHHHHHHHHHHHH
IIIIIIIIIIIIIIIIIIIIIIIII
JJJJJJJJJJJJJJJJJJJJJJJJJ
KKKKKKKKKKKKKKKKKKKKKKKKK
LLLLLLLLLLLLLLLLLLLLLLLLL
MMMMMMMMMMMMMMMMMMMMMMMMM
NNNNNNNNNNNNNNNNNNNNNNNNN
OOOOOOOOOOOOOOOOOOOOOOOOO
PPPPPPPPPPPPPPPPPPPPPPPPP
QQQQQQQQQQQQQQQQQQQQQQQQQ
RRRRRRRRRRRRRRRRRRRRRRRRR
SSSSSSSSSSSSSSSSSSSSSSSSS
TTTTTTTTTTTTTTTTTTTTTTTTT
UUUUUUUUUUUUUUUUUUUUUUUUU
VVVVVVVVVVVVVVVVVVVVVVVVV
WWWWWWWWWWWWWWWWWWWWWWWWW
XXXXXXXXXXXXXXXXXXXXXXXXX
YYYYYYYYYYYYYYYYYYYYYYYYY
Case #96: 
AAAA
AAAA
AAAA
AAAA
AAAA
CBDD
Case #97: 
BBGG
FFFD
CEAD
Case #98: 
AAAAAAAAAAAAAAAAAAAAAAAAA
BBBBBBBBBBBBBBBBBBBBBBBBB
CCCCCCCCCCCCCCCCCCCCCCCCC
DDDDDDDDDDDDDDDDDDDDDDDDD
EEEEEEEEEEEEEEEEEEEEEEEEE
FFFFFFFFFFFFFFFFFFFFFFFFF
GGGGGGGGGGGGGGGGGGGGGGGGG
HHHHHHHHHHHHHHHHHHHHHHHHH
IIIIIIIIIIIIIIIIIIIIIIIII
JJJJJJJJJJJJJJJJJJJJJJJJJ
KKKKKKKKKKKKKKKKKKKKKKKKK
LLLLLLLLLLLLLLLLLLLLLLLLL
MMMMMMMMMMMMMMMMMMMMMMMMM
NNNNNNNNNNNNNNNNNNNNNNNNN
OOOOOOOOOOOOOOOOOOOOOOOOO
PPPPPPPPPPPPPPPPPPPPPPPPP
QQQQQQQQQQQQQQQQQQQQQQQQQ
RRRRRRRRRRRRRRRRRRRRRRRRR
SSSSSSSSSSSSSSSSSSSSSSSSS
TTTTTTTTTTTTTTTTTTTTTTTTT
UUUUUUUUUUUUUUUUUUUUUUUUU
VVVVVVVVVVVVVVVVVVVVVVVVV
WWWWWWWWWWWWWWWWWWWWWWWWW
XXXXXXXXXXXXXXXXXXXXXXXXX
YYYYYYYYYYYYYYYYYYYYYYYYY
Case #99: 
AAAAAAAAAAAAAAAAAAAAAAAAA
BBBBBBBBBBBBBBBBBBBBBBBBB
CCCCCCCCCCCCCCCCCCCCCCCCC
DDDDDDDDDDDDDDDDDDDDDDDDD
EEEEEEEEEEEEEEEEEEEEEEEEE
FFFFFFFFFFFFFFFFFFFFFFFFF
GGGGGGGGGGGGGGGGGGGGGGGGG
HHHHHHHHHHHHHHHHHHHHHHHHH
IIIIIIIIIIIIIIIIIIIIIIIII
JJJJJJJJJJJJJJJJJJJJJJJJJ
KKKKKKKKKKKKKKKKKKKKKKKKK
LLLLLLLLLLLLLLLLLLLLLLLLL
MMMMMMMMMMMMMMMMMMMMMMMMM
NNNNNNNNNNNNNNNNNNNNNNNNN
OOOOOOOOOOOOOOOOOOOOOOOOO
PPPPPPPPPPPPPPPPPPPPPPPPP
QQQQQQQQQQQQQQQQQQQQQQQQQ
RRRRRRRRRRRRRRRRRRRRRRRRR
SSSSSSSSSSSSSSSSSSSSSSSSS
TTTTTTTTTTTTTTTTTTTTTTTTT
UUUUUUUUUUUUUUUUUUUUUUUUU
VVVVVVVVVVVVVVVVVVVVVVVVV
WWWWWWWWWWWWWWWWWWWWWWWWW
XXXXXXXXXXXXXXXXXXXXXXXXX
YYYYYYYYYYYYYYYYYYYYYYYYY
Case #100: 
VVVVVVVVVVVVVVVVVVVVVVVVM
VVVVVVVVVVVVVVVVVVVVVVVVM
VVVVVVVVVVVVVVVVVVVVVVVVM
AAAAAAAAAAAAAAAAAAAAAAAAM
XXXXXXXXXCCCCCCCCCCCCCCCM
NNNNNNNNNNNNNNNNNNNZZOOOM
NNNNNNNNNNNNNNNNNNNZZOOOM
DDDDDDDDDDGGGGGGGGGZZOOOT
DDDDDDDDDDYYYYYYYYYZZOOOT
DDDDDDDDDDYYYYYYYYYZZOOOT
UUUUUUUUUUYYYYYYYYYZZOOOT
UUUUUUUUUUYYYYYYYYYZZOOOT
UUUUUUUUUUYYYYYYYYYZZKIIT
UUUUUUUUUUYYYYYYYYYZZKIIT
RRRRRRRRRRYYYYYYYYYZZKIIT
RRRRRRRRRRYYYYYYYYYZZKIIT
LLLLLLLLLLYYYYYYYYYZZKIIT
JJJJJJJJJJJJJJJJEEEZZKIIT
WWWWWWWWWWWWWWWWWQQQPKIIT
WWWWWWWWWWWWWWWWWQQQPKIIT
HHHHHHHHHHHHHHHHHQQQPKIIT
SSSSSSSSSSSSSSSSSQQQPKIIT
BBBBBBBBBBBBBBBBBQQQPKIIT
FFFFFFFFFFFFFFFFFQQQPKIIT
FFFFFFFFFFFFFFFFFQQQPKIIT
